#
# A fatal error has been detected by the Java Runtime Environment:
#
#  SIGSEGV (0xb) at pc=0x00007fcfe6569f40, pid=20035, tid=0x00007fcf7f251700
#
# JRE version: OpenJDK Runtime Environment (8.0_272-b10) (build 1.8.0_272-8u272-b10-0+deb9u1-b10)
# Java VM: OpenJDK 64-Bit Server VM (25.272-b10 mixed mode linux-amd64 compressed oops)
# Problematic frame:
# V  [libjvm.so+0x706f40]
#
# Failed to write core dump. Core dumps have been disabled. To enable core dumping, try "ulimit -c unlimited" before starting Java again
#
# If you would like to submit a bug report, please visit:
#   http://bugreport.java.com/bugreport/crash.jsp
#

---------------  T H R E A D  ---------------

Current thread (0x00007fcfe0426800):  JavaThread "AWT-EventQueue-1" [_thread_in_vm, id=20061, stack(0x00007fcf7f151000,0x00007fcf7f252000)]

siginfo: si_signo: 11 (SIGSEGV), si_code: 1 (SEGV_MAPERR), si_addr: 0x0000000000000000

Registers:
RAX=0x0000000000000000, RBX=0x00007fcfe0426800, RCX=0x0000000000000000, RDX=0x00007fcfe6e64ad8
RSP=0x00007fcf7f24e520, RBP=0x00007fcf7f24e5a0, RSI=0x0000000000000000, RDI=0x00007fcfe0426800
R8 =0x00007fcfbbc03028, R9 =0x000000000000000c, R10=0x00007fcfd10183fb, R11=0x00007fcfe687c760
R12=0x0000000000000000, R13=0x0000000000000000, R14=0x00007fcfe0426a50, R15=0x00007fcfe0426800
RIP=0x00007fcfe6569f40, EFLAGS=0x0000000000010246, CSGSFS=0x002b000000000033, ERR=0x0000000000000004
  TRAPNO=0x000000000000000e

Top of Stack: (sp=0x00007fcf7f24e520)
0x00007fcf7f24e520:   00007fcfe0426800 0000000000000000
0x00007fcf7f24e530:   00007fcf7f24f2b0 00007fcfe0426e20
0x00007fcf7f24e540:   00007fcf7f24e5c0 00007fcfe64f06ca
0x00007fcf7f24e550:   00007fcf7f24e570 00007fcfe674eb89
0x00007fcf7f24e560:   0000000000000004 2dabd3b34d9c7200
0x00007fcf7f24e570:   00007fcfbbc03028 00007fcfe0426a50
0x00007fcf7f24e580:   0000000000000000 00007fcfbbc02fe0
0x00007fcf7f24e590:   00007fcf7f24e678 00007fcfe0426800
0x00007fcf7f24e5a0:   00007fcfe016b100 00007fcfb99eceaf
0x00007fcf7f24e5b0:   00007fcfbbc03028 00007fcf7f24e640
0x00007fcf7f24e5c0:   0000000000000000 00007fcfbbc02fe0
0x00007fcf7f24e5d0:   00007fcf7f24e678 00007fcfd1018427
0x00007fcf7f24e5e0:   00007fcf7f24e640 00007fcfd1018179
0x00007fcf7f24e5f0:   fffffffe00000000 00007fcfd1018142
0x00007fcf7f24e600:   00007fcf7f24e600 00007fcfbbc02fe0
0x00007fcf7f24e610:   00007fcf7f24e678 00007fcfbbc042f8
0x00007fcf7f24e620:   0000000000000000 00007fcfbbc03028
0x00007fcf7f24e630:   0000000000000000 00007fcf7f24e660
0x00007fcf7f24e640:   00007fcf7f24e6c0 00007fcfd1007ffd
0x00007fcf7f24e650:   0000000000000000 00007fcfd1011a58
0x00007fcf7f24e660:   0000000000000000 00007fcfe016b100
0x00007fcf7f24e670:   00000000d72084d8 00000000d72084d8
0x00007fcf7f24e680:   00007fcf7f24e680 00007fcfbbc030c6
0x00007fcf7f24e690:   00007fcf7f24e6d8 00007fcfbbc042f8
0x00007fcf7f24e6a0:   0000000000000000 00007fcfbbc030d0
0x00007fcf7f24e6b0:   00007fcf7f24e660 00007fcf7f24e6d0
0x00007fcf7f24e6c0:   00007fcf7f24e720 00007fcfd1007ffd
0x00007fcf7f24e6d0:   0000000000000000 00000000d72084d8
0x00007fcf7f24e6e0:   00007fcf7f24e6e0 00007fcfbbc0ec76
0x00007fcf7f24e6f0:   00007fcf7f24e770 00007fcfbbc0f0f8
0x00007fcf7f24e700:   0000000000000000 00007fcfbbc0ed50
0x00007fcf7f24e710:   00007fcf7f24e6d0 00007fcf7f24e768 

Instructions: (pc=0x00007fcfe6569f40)
0x00007fcfe6569f20:   00 48 83 7b 08 00 48 89 5d 80 74 09 48 8d 7d 80
0x00007fcfe6569f30:   e8 0b 7e 2b 00 90 41 f6 c5 01 0f 85 e8 00 00 00
0x00007fcfe6569f40:   4d 8b 75 00 48 8d 15 b0 23 8f 00 48 8d 05 a2 39
0x00007fcfe6569f50:   8f 00 80 3a 00 48 63 00 74 26 41 8b 04 06 85 c0 

Register to memory mapping:

RAX=0x0000000000000000 is an unknown value
RBX=0x00007fcfe0426800 is a thread
RCX=0x0000000000000000 is an unknown value
RDX=0x00007fcfe6e64ad8: <offset 0x1001ad8> in /usr/lib/jvm/java-8-openjdk-amd64/jre/lib/amd64/server/libjvm.so at 0x00007fcfe5e63000
RSP=0x00007fcf7f24e520 is pointing into the stack for thread: 0x00007fcfe0426800
RBP=0x00007fcf7f24e5a0 is pointing into the stack for thread: 0x00007fcfe0426800
RSI=0x0000000000000000 is an unknown value
RDI=0x00007fcfe0426800 is a thread
R8 ={method} {0x00007fcfbbc03028} 'setInputBuffer' '(JLjava/lang/String;)V' in 'net/sf/clipsrules/jni/Environment'
R9 =0x000000000000000c is an unknown value
R10=0x00007fcfd10183fb is at code_begin+859 in an Interpreter codelet
method entry point (kind = native)  [0x00007fcfd10180a0, 0x00007fcfd1018a40]  2464 bytes
R11=0x00007fcfe687c760: <offset 0xa19760> in /usr/lib/jvm/java-8-openjdk-amd64/jre/lib/amd64/server/libjvm.so at 0x00007fcfe5e63000
R12=0x0000000000000000 is an unknown value
R13=0x0000000000000000 is an unknown value
R14=0x00007fcfe0426a50 is an unknown value
R15=0x00007fcfe0426800 is a thread


Stack: [0x00007fcf7f151000,0x00007fcf7f252000],  sp=0x00007fcf7f24e520,  free space=1013k
Native frames: (J=compiled Java code, j=interpreted, Vv=VM code, C=native code)
V  [libjvm.so+0x706f40]
C  [libCLIPSJNI.so+0xf1eaf]  Java_net_sf_clipsrules_jni_Environment_setInputBuffer+0x1f

Java frames: (J=compiled Java code, j=interpreted, Vv=VM code)
j  net.sf.clipsrules.jni.Environment.setInputBuffer(JLjava/lang/String;)V+0
j  net.sf.clipsrules.jni.Environment.setInputBuffer(Ljava/lang/String;)V+6
j  tiendalibros.Vcliente.comprarActionPerformed(Ljava/awt/event/ActionEvent;)V+150
j  tiendalibros.Vcliente.access$100(Ltiendalibros/Vcliente;Ljava/awt/event/ActionEvent;)V+2
j  tiendalibros.Vcliente$3.actionPerformed(Ljava/awt/event/ActionEvent;)V+5
j  javax.swing.AbstractButton.fireActionPerformed(Ljava/awt/event/ActionEvent;)V+83
j  javax.swing.AbstractButton$Handler.actionPerformed(Ljava/awt/event/ActionEvent;)V+5
j  javax.swing.DefaultButtonModel.fireActionPerformed(Ljava/awt/event/ActionEvent;)V+34
j  javax.swing.DefaultButtonModel.setPressed(Z)V+117
j  javax.swing.plaf.basic.BasicButtonListener.mouseReleased(Ljava/awt/event/MouseEvent;)V+35
j  java.awt.Component.processMouseEvent(Ljava/awt/event/MouseEvent;)V+64
j  javax.swing.JComponent.processMouseEvent(Ljava/awt/event/MouseEvent;)V+23
J 1148 C1 java.awt.Component.processEvent(Ljava/awt/AWTEvent;)V (220 bytes) @ 0x00007fcfd13e235c [0x00007fcfd13e1e40+0x51c]
J 1147 C1 java.awt.Container.processEvent(Ljava/awt/AWTEvent;)V (22 bytes) @ 0x00007fcfd13dc1c4 [0x00007fcfd13dbea0+0x324]
J 1004 C1 java.awt.Component.dispatchEventImpl(Ljava/awt/AWTEvent;)V (921 bytes) @ 0x00007fcfd13319ac [0x00007fcfd132c500+0x54ac]
J 795 C1 java.awt.Container.dispatchEventImpl(Ljava/awt/AWTEvent;)V (129 bytes) @ 0x00007fcfd12aeee4 [0x00007fcfd12aeda0+0x144]
J 794 C1 java.awt.Component.dispatchEvent(Ljava/awt/AWTEvent;)V (6 bytes) @ 0x00007fcfd12aea04 [0x00007fcfd12ae900+0x104]
j  java.awt.LightweightDispatcher.retargetMouseEvent(Ljava/awt/Component;ILjava/awt/event/MouseEvent;)V+349
j  java.awt.LightweightDispatcher.processMouseEvent(Ljava/awt/event/MouseEvent;)Z+155
J 1092 C1 java.awt.LightweightDispatcher.dispatchEvent(Ljava/awt/AWTEvent;)Z (73 bytes) @ 0x00007fcfd13b81b4 [0x00007fcfd13b7d80+0x434]
J 795 C1 java.awt.Container.dispatchEventImpl(Ljava/awt/AWTEvent;)V (129 bytes) @ 0x00007fcfd12aee84 [0x00007fcfd12aeda0+0xe4]
J 1203 C1 java.awt.Window.dispatchEventImpl(Ljava/awt/AWTEvent;)V (23 bytes) @ 0x00007fcfd140f004 [0x00007fcfd140ea20+0x5e4]
J 1067 C1 java.awt.EventQueue.dispatchEventImpl(Ljava/awt/AWTEvent;Ljava/lang/Object;)V (149 bytes) @ 0x00007fcfd13a002c [0x00007fcfd139e800+0x182c]
J 1065 C1 java.awt.EventQueue$3.run()Ljava/lang/Void; (60 bytes) @ 0x00007fcfd139dc04 [0x00007fcfd139da00+0x204]
J 1064 C1 java.awt.EventQueue$3.run()Ljava/lang/Object; (5 bytes) @ 0x00007fcfd139d68c [0x00007fcfd139d600+0x8c]
v  ~StubRoutines::call_stub
J 708  java.security.AccessController.doPrivileged(Ljava/security/PrivilegedAction;Ljava/security/AccessControlContext;)Ljava/lang/Object; (0 bytes) @ 0x00007fcfd128e4e3 [0x00007fcfd128e480+0x63]
J 1001 C1 java.awt.EventQueue$4.run()Ljava/lang/Object; (5 bytes) @ 0x00007fcfd13281e4 [0x00007fcfd1327dc0+0x424]
v  ~StubRoutines::call_stub
J 708  java.security.AccessController.doPrivileged(Ljava/security/PrivilegedAction;Ljava/security/AccessControlContext;)Ljava/lang/Object; (0 bytes) @ 0x00007fcfd128e4e3 [0x00007fcfd128e480+0x63]
J 943 C1 java.awt.EventQueue.dispatchEvent(Ljava/awt/AWTEvent;)V (80 bytes) @ 0x00007fcfd1306874 [0x00007fcfd1305a00+0xe74]
J 942 C1 org.GNOME.Accessibility.AtkWrapper$5.dispatchEvent(Ljava/awt/AWTEvent;)V (104 bytes) @ 0x00007fcfd130385c [0x00007fcfd1303040+0x81c]
J 1074 C1 java.awt.EventDispatchThread.pumpOneEventForFilters(I)V (190 bytes) @ 0x00007fcfd13a817c [0x00007fcfd13a6f00+0x127c]
j  java.awt.EventDispatchThread.pumpEventsForFilter(ILjava/awt/Conditional;Ljava/awt/EventFilter;)V+35
j  java.awt.EventDispatchThread.pumpEventsForHierarchy(ILjava/awt/Conditional;Ljava/awt/Component;)V+11
j  java.awt.EventDispatchThread.pumpEvents(ILjava/awt/Conditional;)V+4
j  java.awt.EventDispatchThread.pumpEvents(Ljava/awt/Conditional;)V+3
j  java.awt.EventDispatchThread.run()V+9
v  ~StubRoutines::call_stub

---------------  P R O C E S S  ---------------

Java Threads: ( => current thread )
  0x00007fcf74019800 JavaThread "TimerQueue" daemon [_thread_blocked, id=20062, stack(0x00007fcf7ee50000,0x00007fcf7ef51000)]
  0x00007fcfe000b000 JavaThread "DestroyJavaVM" [_thread_blocked, id=20039, stack(0x00007fcfe7b6c000,0x00007fcfe7c6d000)]
  0x00007fcf78002800 JavaThread "Thread-0" daemon [_thread_in_native, id=20059, stack(0x00007fcf7fc2d000,0x00007fcf8042e000)]
=>0x00007fcfe0426800 JavaThread "AWT-EventQueue-1" [_thread_in_vm, id=20061, stack(0x00007fcf7f151000,0x00007fcf7f252000)]
  0x00007fcfe0424800 JavaThread "AWT-Shutdown" [_thread_blocked, id=20060, stack(0x00007fcf7f252000,0x00007fcf7f353000)]
  0x00007fcfe0352000 JavaThread "process reaper" daemon [_thread_blocked, id=20058, stack(0x00007fcf93169000,0x00007fcf931a2000)]
  0x00007fcfe033e000 JavaThread "AWT-XAWT" daemon [_thread_in_native, id=20056, stack(0x00007fcf931a2000,0x00007fcf932a3000)]
  0x00007fcfe0318800 JavaThread "Java2D Disposer" daemon [_thread_blocked, id=20055, stack(0x00007fcfb8029000,0x00007fcfb812a000)]
  0x00007fcfe00ca800 JavaThread "Service Thread" daemon [_thread_blocked, id=20052, stack(0x00007fcfba150000,0x00007fcfba251000)]
  0x00007fcfe00bf800 JavaThread "C1 CompilerThread2" daemon [_thread_blocked, id=20051, stack(0x00007fcfba251000,0x00007fcfba352000)]
  0x00007fcfe00bd800 JavaThread "C2 CompilerThread1" daemon [_thread_blocked, id=20050, stack(0x00007fcfba352000,0x00007fcfba453000)]
  0x00007fcfe00bb000 JavaThread "C2 CompilerThread0" daemon [_thread_blocked, id=20049, stack(0x00007fcfba453000,0x00007fcfba554000)]
  0x00007fcfe00b7800 JavaThread "Signal Dispatcher" daemon [_thread_blocked, id=20048, stack(0x00007fcfba554000,0x00007fcfba655000)]
  0x00007fcfe0087000 JavaThread "Finalizer" daemon [_thread_blocked, id=20047, stack(0x00007fcfba7f0000,0x00007fcfba8f1000)]
  0x00007fcfe0082800 JavaThread "Reference Handler" daemon [_thread_blocked, id=20046, stack(0x00007fcfba8f1000,0x00007fcfba9f2000)]

Other Threads:
  0x00007fcfe0079000 VMThread [stack: 0x00007fcfba9f2000,0x00007fcfbaaf3000] [id=20045]
  0x00007fcfe00cd000 WatcherThread [stack: 0x00007fcfba04f000,0x00007fcfba150000] [id=20053]

VM state:not at safepoint (normal execution)

VM Mutex/Monitor currently owned by a thread: None

heap address: 0x0000000085400000, size: 1964 MB, Compressed Oops mode: 32-bit
Narrow klass base: 0x0000000000000000, Narrow klass shift: 3
Compressed class space size: 1073741824 Address: 0x0000000100000000

Heap:
 PSYoungGen      total 36864K, used 13985K [0x00000000d7180000, 0x00000000d9a80000, 0x0000000100000000)
  eden space 31744K, 44% used [0x00000000d7180000,0x00000000d7f28400,0x00000000d9080000)
  from space 5120K, 0% used [0x00000000d9580000,0x00000000d9580000,0x00000000d9a80000)
  to   space 5120K, 0% used [0x00000000d9080000,0x00000000d9080000,0x00000000d9580000)
 ParOldGen       total 84992K, used 0K [0x0000000085400000, 0x000000008a700000, 0x00000000d7180000)
  object space 84992K, 0% used [0x0000000085400000,0x0000000085400000,0x000000008a700000)
 Metaspace       used 13475K, capacity 13700K, committed 14080K, reserved 1060864K
  class space    used 1605K, capacity 1727K, committed 1792K, reserved 1048576K

Card table byte_map: [0x00007fcfd0c29000,0x00007fcfd1000000] byte_map_base: 0x00007fcfd07ff000

Marking Bits: (ParMarkBitMap*) 0x00007fcfe6e68880
 Begin Bits: [0x00007fcfc02a0000, 0x00007fcfc2150000)
 End Bits:   [0x00007fcfc2150000, 0x00007fcfc4000000)

Polling page: 0x00007fcfe7c8d000

CodeCache: size=245760Kb used=4161Kb max_used=4161Kb free=241598Kb
 bounds [0x00007fcfd1000000, 0x00007fcfd1420000, 0x00007fcfe0000000]
 total_blobs=1762 nmethods=1208 adapters=467
 compilation: enabled

Compilation events (10 events):
Event: 6,296 Thread 0x00007fcfe00bf800 1204       1       java.awt.Component::getGraphicsConfiguration_NoClientCode (5 bytes)
Event: 6,296 Thread 0x00007fcfe00bf800 nmethod 1204 0x00007fcfd140f350 code [0x00007fcfd140f4a0, 0x00007fcfd140f5b0]
Event: 6,296 Thread 0x00007fcfe00bf800 1205       3       sun.awt.SunHints$Key::getIndex (5 bytes)
Event: 6,296 Thread 0x00007fcfe00bf800 nmethod 1205 0x00007fcfd140f610 code [0x00007fcfd140f780, 0x00007fcfd140f970]
Event: 6,297 Thread 0x00007fcfe00bf800 1206       3       sun.java2d.xr.DirtyRegion::clear (25 bytes)
Event: 6,297 Thread 0x00007fcfe00bf800 nmethod 1206 0x00007fcfd140f9d0 code [0x00007fcfd140fb20, 0x00007fcfd140fc90]
Event: 6,297 Thread 0x00007fcfe00bf800 1208       3       java.util.concurrent.locks.AbstractQueuedSynchronizer$ConditionObject::await (98 bytes)
Event: 6,301 Thread 0x00007fcfe00bf800 nmethod 1208 0x00007fcfd140fd10 code [0x00007fcfd140ffc0, 0x00007fcfd1411188]
Event: 6,301 Thread 0x00007fcfe00bf800 1207       3       sun.java2d.SunGraphics2D::validateColor (102 bytes)
Event: 6,302 Thread 0x00007fcfe00bf800 nmethod 1207 0x00007fcfd1411990 code [0x00007fcfd1411b40, 0x00007fcfd1412158]

GC Heap History (0 events):
No events

Deoptimization events (10 events):
Event: 0,375 Thread 0x00007fcfe000b000 Uncommon trap: reason=unstable_if action=reinterpret pc=0x00007fcfd11f9cd0 method=java.nio.Buffer.nextGetIndex()I @ 10
Event: 0,487 Thread 0x00007fcfe033e000 Uncommon trap: reason=unstable_if action=reinterpret pc=0x00007fcfd1231718 method=java.lang.ThreadLocal.get()Ljava/lang/Object; @ 11
Event: 1,701 Thread 0x00007fcfe0426800 Uncommon trap: reason=bimorphic action=maybe_recompile pc=0x00007fcfd12644fc method=java.util.HashMap.getNode(ILjava/lang/Object;)Ljava/util/HashMap$Node; @ 126
Event: 1,701 Thread 0x00007fcfe0426800 Uncommon trap: reason=bimorphic action=maybe_recompile pc=0x00007fcfd12644fc method=java.util.HashMap.getNode(ILjava/lang/Object;)Ljava/util/HashMap$Node; @ 126
Event: 1,702 Thread 0x00007fcfe0426800 Uncommon trap: reason=class_check action=maybe_recompile pc=0x00007fcfd1170168 method=java.lang.String.equals(Ljava/lang/Object;)Z @ 8
Event: 1,702 Thread 0x00007fcfe0426800 Uncommon trap: reason=class_check action=maybe_recompile pc=0x00007fcfd1170168 method=java.lang.String.equals(Ljava/lang/Object;)Z @ 8
Event: 2,023 Thread 0x00007fcfe0426800 Uncommon trap: reason=bimorphic action=maybe_recompile pc=0x00007fcfd12644fc method=java.util.HashMap.getNode(ILjava/lang/Object;)Ljava/util/HashMap$Node; @ 126
Event: 2,023 Thread 0x00007fcfe0426800 Uncommon trap: reason=bimorphic action=maybe_recompile pc=0x00007fcfd12644fc method=java.util.HashMap.getNode(ILjava/lang/Object;)Ljava/util/HashMap$Node; @ 126
Event: 2,023 Thread 0x00007fcfe0426800 Uncommon trap: reason=class_check action=maybe_recompile pc=0x00007fcfd1170168 method=java.lang.String.equals(Ljava/lang/Object;)Z @ 8
Event: 2,023 Thread 0x00007fcfe0426800 Uncommon trap: reason=class_check action=maybe_recompile pc=0x00007fcfd1170168 method=java.lang.String.equals(Ljava/lang/Object;)Z @ 8

Classes redefined (0 events):
No events

Internal exceptions (10 events):
Event: 0,085 Thread 0x00007fcfe000b000 Exception <a 'java/security/PrivilegedActionException'> (0x00000000d72f1448) thrown at [/build/openjdk-8-YgXaP7/openjdk-8-8u272-b10/src/hotspot/src/share/vm/prims/jvm.cpp, line 1523]
Event: 0,085 Thread 0x00007fcfe000b000 Exception <a 'java/security/PrivilegedActionException'> (0x00000000d72f3b68) thrown at [/build/openjdk-8-YgXaP7/openjdk-8-8u272-b10/src/hotspot/src/share/vm/prims/jvm.cpp, line 1523]
Event: 0,085 Thread 0x00007fcfe000b000 Exception <a 'java/security/PrivilegedActionException'> (0x00000000d72f3d78) thrown at [/build/openjdk-8-YgXaP7/openjdk-8-8u272-b10/src/hotspot/src/share/vm/prims/jvm.cpp, line 1523]
Event: 0,126 Thread 0x00007fcfe000b000 Exception <a 'java/lang/NoSuchFieldError': method resolution failed> (0x00000000d73c4888) thrown at [/build/openjdk-8-YgXaP7/openjdk-8-8u272-b10/src/hotspot/src/share/vm/prims/methodHandles.cpp, line 1169]
Event: 0,128 Thread 0x00007fcfe000b000 Exception <a 'java/lang/NoSuchFieldError': method resolution failed> (0x00000000d73d2088) thrown at [/build/openjdk-8-YgXaP7/openjdk-8-8u272-b10/src/hotspot/src/share/vm/prims/methodHandles.cpp, line 1169]
Event: 0,151 Thread 0x00007fcfe000b000 Exception <a 'java/io/FileNotFoundException'> (0x00000000d744f9f0) thrown at [/build/openjdk-8-YgXaP7/openjdk-8-8u272-b10/src/hotspot/src/share/vm/prims/jni.cpp, line 711]
Event: 0,170 Thread 0x00007fcfe000b000 Exception <a 'java/lang/ClassNotFoundException': sun/dc/DuctusRenderingEngine> (0x00000000d746d170) thrown at [/build/openjdk-8-YgXaP7/openjdk-8-8u272-b10/src/hotspot/src/share/vm/classfile/systemDictionary.cpp, line 217]
Event: 0,487 Thread 0x00007fcfe033e000 Implicit null exception at 0x00007fcfd123163c to 0x00007fcfd1231701
Event: 0,581 Thread 0x00007fcfe0426800 Exception <a 'java/lang/UnsupportedOperationException': > (0x00000000d7a70580) thrown at [/build/openjdk-8-YgXaP7/openjdk-8-8u272-b10/src/hotspot/src/share/vm/prims/jni.cpp, line 738]
Event: 2,589 Thread 0x00007fcfe0426800 Exception <a 'java/lang/UnsupportedOperationException': > (0x00000000d7e0c9d0) thrown at [/build/openjdk-8-YgXaP7/openjdk-8-8u272-b10/src/hotspot/src/share/vm/prims/jni.cpp, line 738]

Events (10 events):
Event: 3,843 loading class sun/java2d/loops/ProcessPath$Point
Event: 3,843 loading class sun/java2d/loops/ProcessPath$Point done
Event: 3,843 loading class sun/java2d/loops/ProcessPath$ActiveEdgeList
Event: 3,843 loading class sun/java2d/loops/ProcessPath$ActiveEdgeList done
Event: 3,843 loading class sun/java2d/loops/ProcessPath$Edge
Event: 3,843 loading class sun/java2d/loops/ProcessPath$Edge done
Event: 3,850 loading class sun/awt/im/CompositionArea
Event: 3,850 loading class sun/awt/im/CompositionArea done
Event: 4,055 Executing VM operation: EnableBiasedLocking
Event: 4,055 Executing VM operation: EnableBiasedLocking done


Dynamic libraries:
85400000-8a700000 rw-p 00000000 00:00 0 
8a700000-d7180000 ---p 00000000 00:00 0 
d7180000-d9a80000 rw-p 00000000 00:00 0 
d9a80000-100000000 ---p 00000000 00:00 0 
100000000-1001c0000 rw-p 00000000 00:00 0 
1001c0000-140000000 ---p 00000000 00:00 0 
55859e9d6000-55859e9d7000 r-xp 00000000 08:06 5898782                    /usr/lib/jvm/java-8-openjdk-amd64/jre/bin/java
55859ebd6000-55859ebd7000 r--p 00000000 08:06 5898782                    /usr/lib/jvm/java-8-openjdk-amd64/jre/bin/java
55859ebd7000-55859ebd8000 rw-p 00001000 08:06 5898782                    /usr/lib/jvm/java-8-openjdk-amd64/jre/bin/java
55859f0e0000-55859f101000 rw-p 00000000 00:00 0                          [heap]
7fcf68000000-7fcf68021000 rw-p 00000000 00:00 0 
7fcf68021000-7fcf6c000000 ---p 00000000 00:00 0 
7fcf70000000-7fcf70021000 rw-p 00000000 00:00 0 
7fcf70021000-7fcf74000000 ---p 00000000 00:00 0 
7fcf74000000-7fcf741b2000 rw-p 00000000 00:00 0 
7fcf741b2000-7fcf78000000 ---p 00000000 00:00 0 
7fcf78000000-7fcf78021000 rw-p 00000000 00:00 0 
7fcf78021000-7fcf7c000000 ---p 00000000 00:00 0 
7fcf7ee50000-7fcf7ee53000 ---p 00000000 00:00 0 
7fcf7ee53000-7fcf7ef51000 rw-p 00000000 00:00 0 
7fcf7ef51000-7fcf7f151000 rw-p 00000000 00:00 0 
7fcf7f151000-7fcf7f154000 ---p 00000000 00:00 0 
7fcf7f154000-7fcf7f252000 rw-p 00000000 00:00 0 
7fcf7f252000-7fcf7f255000 ---p 00000000 00:00 0 
7fcf7f255000-7fcf7f353000 rw-p 00000000 00:00 0 
7fcf7f353000-7fcf7f36c000 r--s 00000000 08:06 5510438                    /usr/share/fonts/type1/gsfonts/n022004l.pfb
7fcf7f36c000-7fcf7f384000 r--s 00000000 08:06 5510390                    /usr/share/fonts/type1/gsfonts/c059033l.pfb
7fcf7f384000-7fcf7f394000 r--s 00000000 08:06 5510363                    /usr/share/fonts/type1/gsfonts/a010015l.pfb
7fcf7f394000-7fcf7f3a9000 r--s 00000000 08:06 5510378                    /usr/share/fonts/type1/gsfonts/b018032l.pfb
7fcf7f3a9000-7fcf7f3c2000 r--s 00000000 08:06 5510426                    /usr/share/fonts/type1/gsfonts/n021004l.pfb
7fcf7f3c2000-7fcf7f3d3000 r--s 00000000 08:06 5510417                    /usr/share/fonts/type1/gsfonts/n019063l.pfb
7fcf7f3d3000-7fcf7f3ee000 r--s 00000000 08:06 5510453                    /usr/share/fonts/type1/gsfonts/p052023l.pfb
7fcf7f3ee000-7fcf7f409000 r--s 00000000 08:06 5510387                    /usr/share/fonts/type1/gsfonts/c059016l.pfb
7fcf7f409000-7fcf7f422000 r--s 00000000 08:06 5510423                    /usr/share/fonts/type1/gsfonts/n021003l.pfb
7fcf7f422000-7fcf7f435000 r--s 00000000 08:06 5510375                    /usr/share/fonts/type1/gsfonts/b018015l.pfb
7fcf7f435000-7fcf7f446000 r--s 00000000 08:06 5510405                    /usr/share/fonts/type1/gsfonts/n019023l.pfb
7fcf7f446000-7fcf7f461000 r--s 00000000 08:06 5510447                    /usr/share/fonts/type1/gsfonts/p052003l.pfb
7fcf7f461000-7fcf7f475000 r--s 00000000 08:06 5510399                    /usr/share/fonts/type1/gsfonts/n019003l.pfb
7fcf7f475000-7fcf7f47e000 r--s 00000000 08:06 5510459                    /usr/share/fonts/type1/gsfonts/s050000l.pfb
7fcf7f47e000-7fcf7f48f000 r--s 00000000 08:06 5510408                    /usr/share/fonts/type1/gsfonts/n019024l.pfb
7fcf7f48f000-7fcf7f4aa000 r--s 00000000 08:06 5510450                    /usr/share/fonts/type1/gsfonts/p052004l.pfb
7fcf7f4aa000-7fcf7f4ba000 r--s 00000000 08:06 5510360                    /usr/share/fonts/type1/gsfonts/a010013l.pfb
7fcf7f4ba000-7fcf7f4d4000 r--s 00000000 08:06 5510384                    /usr/share/fonts/type1/gsfonts/c059013l.pfb
7fcf7f4d4000-7fcf7f4ed000 r--s 00000000 08:06 5510372                    /usr/share/fonts/type1/gsfonts/b018012l.pfb
7fcf7f4ed000-7fcf7f505000 r--s 00000000 08:06 5510393                    /usr/share/fonts/type1/gsfonts/c059036l.pfb
7fcf7f505000-7fcf7f521000 r--s 00000000 08:06 5510456                    /usr/share/fonts/type1/gsfonts/p052024l.pfb
7fcf7f521000-7fcf7f531000 r--s 00000000 08:06 5510366                    /usr/share/fonts/type1/gsfonts/a010033l.pfb
7fcf7f531000-7fcf7f542000 r--s 00000000 08:06 5510369                    /usr/share/fonts/type1/gsfonts/a010035l.pfb
7fcf7f542000-7fcf7f559000 r--s 00000000 08:06 5510429                    /usr/share/fonts/type1/gsfonts/n021023l.pfb
7fcf7f559000-7fcf7f565000 r--s 00000000 08:06 5510396                    /usr/share/fonts/type1/gsfonts/d050000l.pfb
7fcf7f565000-7fcf7f577000 r--s 00000000 08:06 5510411                    /usr/share/fonts/type1/gsfonts/n019043l.pfb
7fcf7f577000-7fcf7f58e000 r--s 00000000 08:06 5510462                    /usr/share/fonts/type1/gsfonts/z003034l.pfb
7fcf7f58e000-7fcf7f5a1000 r--s 00000000 08:06 5510420                    /usr/share/fonts/type1/gsfonts/n019064l.pfb
7fcf7f5a1000-7fcf7f5b7000 r--s 00000000 08:06 5510444                    /usr/share/fonts/type1/gsfonts/n022024l.pfb
7fcf7f5b7000-7fcf7f5cd000 r--s 00000000 08:06 5510432                    /usr/share/fonts/type1/gsfonts/n021024l.pfb
7fcf7f5cd000-7fcf7f5e3000 r--s 00000000 08:06 5510441                    /usr/share/fonts/type1/gsfonts/n022023l.pfb
7fcf7f5e3000-7fcf7f5f5000 r--s 00000000 08:06 5510414                    /usr/share/fonts/type1/gsfonts/n019044l.pfb
7fcf7f5f5000-7fcf7f607000 r--s 00000000 08:06 5510402                    /usr/share/fonts/type1/gsfonts/n019004l.pfb
7fcf7f607000-7fcf7f619000 r--s 00000000 08:06 5510381                    /usr/share/fonts/type1/gsfonts/b018035l.pfb
7fcf7f619000-7fcf7f636000 r--s 00000000 08:06 5902278                    /usr/share/texmf/fonts/type1/public/lm/lmvtt10.pfb
7fcf7f636000-7fcf7f655000 r--s 00000000 08:06 5902250                    /usr/share/texmf/fonts/type1/public/lm/lmssqbo8.pfb
7fcf7f655000-7fcf7f65f000 r--s 00000000 08:06 6036748                    /usr/share/fonts/X11/Type1/c0419bt_.pfb
7fcf7f65f000-7fcf7f67a000 r--s 00000000 08:06 5902264                    /usr/share/texmf/fonts/type1/public/lm/lmtlc10.pfb
7fcf7f67a000-7fcf7f684000 r--s 00000000 08:06 6036742                    /usr/share/fonts/X11/Type1/c0583bt_.pfb
7fcf7f684000-7fcf7f6a8000 r--s 00000000 08:06 5902205                    /usr/share/texmf/fonts/type1/public/lm/lmduno10.pfb
7fcf7f6a8000-7fcf7f6c2000 r--s 00000000 08:06 5902263                    /usr/share/texmf/fonts/type1/public/lm/lmtl10.pfb
7fcf7f6c2000-7fcf7f6cb000 r--s 00000000 08:06 6036756                    /usr/share/fonts/X11/Type1/c0649bt_.pfb
7fcf7f6cb000-7fcf7f6ec000 r--s 00000000 08:06 5902230                    /usr/share/texmf/fonts/type1/public/lm/lmro10.pfb
7fcf7f6ec000-7fcf7f70e000 r--s 00000000 08:06 5902243                    /usr/share/texmf/fonts/type1/public/lm/lmssdo10.pfb
7fcf7f70e000-7fcf7f72c000 r--s 00000000 08:06 5902276                    /usr/share/texmf/fonts/type1/public/lm/lmvtl10.pfb
7fcf7f72c000-7fcf7f74c000 r--s 00000000 08:06 5902260                    /usr/share/texmf/fonts/type1/public/lm/lmtcso10.pfb
7fcf7f74c000-7fcf7f76a000 r--s 00000000 08:06 5902241                    /usr/share/texmf/fonts/type1/public/lm/lmssbx10.pfb
7fcf7f76a000-7fcf7f773000 r--s 00000000 08:06 6036743                    /usr/share/fonts/X11/Type1/c0632bt_.pfb
7fcf7f773000-7fcf7f794000 r--s 00000000 08:06 5902279                    /usr/share/texmf/fonts/type1/public/lm/lmvtto10.pfb
7fcf7f794000-7fcf7f7b1000 r--s 00000000 08:06 5902242                    /usr/share/texmf/fonts/type1/public/lm/lmssdc10.pfb
7fcf7f7b1000-7fcf7f7ce000 r--s 00000000 08:06 5902261                    /usr/share/texmf/fonts/type1/public/lm/lmtk10.pfb
7fcf7f7ce000-7fcf7f7f0000 r--s 00000000 08:06 5902240                    /usr/share/texmf/fonts/type1/public/lm/lmssbo10.pfb
7fcf7f7f0000-7fcf7f812000 r--s 00000000 08:06 5902189                    /usr/share/texmf/fonts/type1/public/lm/lmbo10.pfb
7fcf7f812000-7fcf7f831000 r--s 00000000 08:06 5902188                    /usr/share/texmf/fonts/type1/public/lm/lmb10.pfb
7fcf7f831000-7fcf7f83a000 r--s 00000000 08:06 6036745                    /usr/share/fonts/X11/Type1/c0633bt_.pfb
7fcf7f83a000-7fcf7f859000 r--s 00000000 08:06 5902272                    /usr/share/texmf/fonts/type1/public/lm/lmtto10.pfb
7fcf7f859000-7fcf7f878000 r--s 00000000 08:06 5902266                    /usr/share/texmf/fonts/type1/public/lm/lmtlo10.pfb
7fcf7f878000-7fcf7f898000 r--s 00000000 08:06 5902252                    /usr/share/texmf/fonts/type1/public/lm/lmssqo8.pfb
7fcf7f898000-7fcf7f8bd000 r--s 00000000 08:06 5902275                    /usr/share/texmf/fonts/type1/public/lm/lmvtko10.pfb
7fcf7f8bd000-7fcf7f8df000 r--s 00000000 08:06 5902201                    /usr/share/texmf/fonts/type1/public/lm/lmbxo10.pfb
7fcf7f8df000-7fcf7f8fd000 r--s 00000000 08:06 5902193                    /usr/share/texmf/fonts/type1/public/lm/lmbx10.pfb
7fcf7f8fd000-7fcf7f919000 r--s 00000000 08:06 5902273                    /usr/share/texmf/fonts/type1/public/lm/lmu10.pfb
7fcf7f919000-7fcf7f934000 r--s 00000000 08:06 5902259                    /usr/share/texmf/fonts/type1/public/lm/lmtcsc10.pfb
7fcf7f934000-7fcf7f93e000 r--s 00000000 08:06 6036747                    /usr/share/fonts/X11/Type1/c0611bt_.pfb
7fcf7f93e000-7fcf7f95b000 r--s 00000000 08:06 5902202                    /usr/share/texmf/fonts/type1/public/lm/lmcsc10.pfb
7fcf7f95b000-7fcf7f977000 r--s 00000000 08:06 5902267                    /usr/share/texmf/fonts/type1/public/lm/lmtt10.pfb
7fcf7f977000-7fcf7f993000 r--s 00000000 08:06 5902225                    /usr/share/texmf/fonts/type1/public/lm/lmri10.pfb
7fcf7f993000-7fcf7f9ac000 r--s 00000000 08:06 5902271                    /usr/share/texmf/fonts/type1/public/lm/lmtti10.pfb
7fcf7f9ac000-7fcf7f9b5000 r--s 00000000 08:06 6036744                    /usr/share/fonts/X11/Type1/c0648bt_.pfb
7fcf7f9b5000-7fcf7f9d7000 r--s 00000000 08:06 5902265                    /usr/share/texmf/fonts/type1/public/lm/lmtlco10.pfb
7fcf7f9d7000-7fcf7f9f6000 r--s 00000000 08:06 5902204                    /usr/share/texmf/fonts/type1/public/lm/lmdunh10.pfb
7fcf7f9f6000-7fcf7fa11000 r--s 00000000 08:06 5902244                    /usr/share/texmf/fonts/type1/public/lm/lmsso10.pfb
7fcf7fa11000-7fcf7fa2d000 r--s 00000000 08:06 5902200                    /usr/share/texmf/fonts/type1/public/lm/lmbxi10.pfb
7fcf7fa2d000-7fcf7fc2d000 rw-p 00000000 00:00 0 
7fcf7fc2d000-7fcf7fc30000 ---p 00000000 00:00 0 
7fcf7fc30000-7fcf8042e000 rw-p 00000000 00:00 0 
7fcf8042e000-7fcf80432000 r-xp 00000000 08:06 262249                     /lib/x86_64-linux-gnu/libuuid.so.1.3.0
7fcf80432000-7fcf80631000 ---p 00004000 08:06 262249                     /lib/x86_64-linux-gnu/libuuid.so.1.3.0
7fcf80631000-7fcf80632000 r--p 00003000 08:06 262249                     /lib/x86_64-linux-gnu/libuuid.so.1.3.0
7fcf80632000-7fcf80633000 rw-p 00004000 08:06 262249                     /lib/x86_64-linux-gnu/libuuid.so.1.3.0
7fcf80633000-7fcf8065e000 r-xp 00000000 08:06 5251086                    /usr/lib/x86_64-linux-gnu/libgraphite2.so.3.0.1
7fcf8065e000-7fcf8085d000 ---p 0002b000 08:06 5251086                    /usr/lib/x86_64-linux-gnu/libgraphite2.so.3.0.1
7fcf8085d000-7fcf8085f000 r--p 0002a000 08:06 5251086                    /usr/lib/x86_64-linux-gnu/libgraphite2.so.3.0.1
7fcf8085f000-7fcf80860000 rw-p 0002c000 08:06 5251086                    /usr/lib/x86_64-linux-gnu/libgraphite2.so.3.0.1
7fcf80860000-7fcf808a1000 r-xp 00000000 08:06 262243                     /lib/x86_64-linux-gnu/libblkid.so.1.1.0
7fcf808a1000-7fcf80aa0000 ---p 00041000 08:06 262243                     /lib/x86_64-linux-gnu/libblkid.so.1.1.0
7fcf80aa0000-7fcf80aa4000 r--p 00040000 08:06 262243                     /lib/x86_64-linux-gnu/libblkid.so.1.1.0
7fcf80aa4000-7fcf80aa5000 rw-p 00044000 08:06 262243                     /lib/x86_64-linux-gnu/libblkid.so.1.1.0
7fcf80aa5000-7fcf80aa6000 rw-p 00000000 00:00 0 
7fcf80aa6000-7fcf80ab9000 r-xp 00000000 08:06 262215                     /lib/x86_64-linux-gnu/libgpg-error.so.0.21.0
7fcf80ab9000-7fcf80cb8000 ---p 00013000 08:06 262215                     /lib/x86_64-linux-gnu/libgpg-error.so.0.21.0
7fcf80cb8000-7fcf80cb9000 r--p 00012000 08:06 262215                     /lib/x86_64-linux-gnu/libgpg-error.so.0.21.0
7fcf80cb9000-7fcf80cba000 rw-p 00013000 08:06 262215                     /lib/x86_64-linux-gnu/libgpg-error.so.0.21.0
7fcf80cba000-7fcf80cc1000 r-xp 00000000 08:06 5251080                    /usr/lib/x86_64-linux-gnu/libdatrie.so.1.3.3
7fcf80cc1000-7fcf80ec0000 ---p 00007000 08:06 5251080                    /usr/lib/x86_64-linux-gnu/libdatrie.so.1.3.3
7fcf80ec0000-7fcf80ec1000 r--p 00006000 08:06 5251080                    /usr/lib/x86_64-linux-gnu/libdatrie.so.1.3.3
7fcf80ec1000-7fcf80ec2000 rw-p 00007000 08:06 5251080                    /usr/lib/x86_64-linux-gnu/libdatrie.so.1.3.3
7fcf80ec2000-7fcf80f55000 r-xp 00000000 08:06 5251090                    /usr/lib/x86_64-linux-gnu/libharfbuzz.so.0.10400.2
7fcf80f55000-7fcf81154000 ---p 00093000 08:06 5251090                    /usr/lib/x86_64-linux-gnu/libharfbuzz.so.0.10400.2
7fcf81154000-7fcf81156000 r--p 00092000 08:06 5251090                    /usr/lib/x86_64-linux-gnu/libharfbuzz.so.0.10400.2
7fcf81156000-7fcf81157000 rw-p 00094000 08:06 5251090                    /usr/lib/x86_64-linux-gnu/libharfbuzz.so.0.10400.2
7fcf81157000-7fcf8117e000 r-xp 00000000 08:06 262223                     /lib/x86_64-linux-gnu/libexpat.so.1.6.2
7fcf8117e000-7fcf8137e000 ---p 00027000 08:06 262223                     /lib/x86_64-linux-gnu/libexpat.so.1.6.2
7fcf8137e000-7fcf81380000 r--p 00027000 08:06 262223                     /lib/x86_64-linux-gnu/libexpat.so.1.6.2
7fcf81380000-7fcf81381000 rw-p 00029000 08:06 262223                     /lib/x86_64-linux-gnu/libexpat.so.1.6.2
7fcf81381000-7fcf813cb000 r-xp 00000000 08:06 262325                     /lib/x86_64-linux-gnu/libmount.so.1.1.0
7fcf813cb000-7fcf815cb000 ---p 0004a000 08:06 262325                     /lib/x86_64-linux-gnu/libmount.so.1.1.0
7fcf815cb000-7fcf815cc000 r--p 0004a000 08:06 262325                     /lib/x86_64-linux-gnu/libmount.so.1.1.0
7fcf815cc000-7fcf815cd000 rw-p 0004b000 08:06 262325                     /lib/x86_64-linux-gnu/libmount.so.1.1.0
7fcf815cd000-7fcf815cf000 rw-p 00000000 00:00 0 
7fcf815cf000-7fcf815e3000 r-xp 00000000 08:06 262168                     /lib/x86_64-linux-gnu/libresolv-2.24.so
7fcf815e3000-7fcf817e2000 ---p 00014000 08:06 262168                     /lib/x86_64-linux-gnu/libresolv-2.24.so
7fcf817e2000-7fcf817e3000 r--p 00013000 08:06 262168                     /lib/x86_64-linux-gnu/libresolv-2.24.so
7fcf817e3000-7fcf817e4000 rw-p 00014000 08:06 262168                     /lib/x86_64-linux-gnu/libresolv-2.24.so
7fcf817e4000-7fcf817e6000 rw-p 00000000 00:00 0 
7fcf817e6000-7fcf818ed000 r-xp 00000000 08:06 262814                     /lib/x86_64-linux-gnu/libgcrypt.so.20.1.6
7fcf818ed000-7fcf81aed000 ---p 00107000 08:06 262814                     /lib/x86_64-linux-gnu/libgcrypt.so.20.1.6
7fcf81aed000-7fcf81aef000 r--p 00107000 08:06 262814                     /lib/x86_64-linux-gnu/libgcrypt.so.20.1.6
7fcf81aef000-7fcf81af6000 rw-p 00109000 08:06 262814                     /lib/x86_64-linux-gnu/libgcrypt.so.20.1.6
7fcf81af6000-7fcf81b07000 r-xp 00000000 08:06 5243710                    /usr/lib/x86_64-linux-gnu/liblz4.so.1.7.1
7fcf81b07000-7fcf81d06000 ---p 00011000 08:06 5243710                    /usr/lib/x86_64-linux-gnu/liblz4.so.1.7.1
7fcf81d06000-7fcf81d07000 r--p 00010000 08:06 5243710                    /usr/lib/x86_64-linux-gnu/liblz4.so.1.7.1
7fcf81d07000-7fcf81d08000 rw-p 00011000 08:06 5243710                    /usr/lib/x86_64-linux-gnu/liblz4.so.1.7.1
7fcf81d08000-7fcf81d2d000 r-xp 00000000 08:06 262193                     /lib/x86_64-linux-gnu/liblzma.so.5.2.2
7fcf81d2d000-7fcf81f2c000 ---p 00025000 08:06 262193                     /lib/x86_64-linux-gnu/liblzma.so.5.2.2
7fcf81f2c000-7fcf81f2d000 r--p 00024000 08:06 262193                     /lib/x86_64-linux-gnu/liblzma.so.5.2.2
7fcf81f2d000-7fcf81f2e000 rw-p 00025000 08:06 262193                     /lib/x86_64-linux-gnu/liblzma.so.5.2.2
7fcf81f2e000-7fcf81f53000 r-xp 00000000 08:06 262233                     /lib/x86_64-linux-gnu/libselinux.so.1
7fcf81f53000-7fcf82152000 ---p 00025000 08:06 262233                     /lib/x86_64-linux-gnu/libselinux.so.1
7fcf82152000-7fcf82153000 r--p 00024000 08:06 262233                     /lib/x86_64-linux-gnu/libselinux.so.1
7fcf82153000-7fcf82154000 rw-p 00025000 08:06 262233                     /lib/x86_64-linux-gnu/libselinux.so.1
7fcf82154000-7fcf82156000 rw-p 00000000 00:00 0 
7fcf82156000-7fcf821c8000 r-xp 00000000 08:06 262196                     /lib/x86_64-linux-gnu/libpcre.so.3.13.3
7fcf821c8000-7fcf823c7000 ---p 00072000 08:06 262196                     /lib/x86_64-linux-gnu/libpcre.so.3.13.3
7fcf823c7000-7fcf823c8000 r--p 00071000 08:06 262196                     /lib/x86_64-linux-gnu/libpcre.so.3.13.3
7fcf823c8000-7fcf823c9000 rw-p 00072000 08:06 262196                     /lib/x86_64-linux-gnu/libpcre.so.3.13.3
7fcf823c9000-7fcf823d0000 r-xp 00000000 08:06 5247288                    /usr/lib/x86_64-linux-gnu/libffi.so.6.0.4
7fcf823d0000-7fcf825d0000 ---p 00007000 08:06 5247288                    /usr/lib/x86_64-linux-gnu/libffi.so.6.0.4
7fcf825d0000-7fcf825d1000 r--p 00007000 08:06 5247288                    /usr/lib/x86_64-linux-gnu/libffi.so.6.0.4
7fcf825d1000-7fcf825d2000 rw-p 00008000 08:06 5247288                    /usr/lib/x86_64-linux-gnu/libffi.so.6.0.4
7fcf825d2000-7fcf825de000 r-xp 00000000 08:06 5251054                    /usr/lib/x86_64-linux-gnu/libxcb-render.so.0.0.0
7fcf825de000-7fcf827de000 ---p 0000c000 08:06 5251054                    /usr/lib/x86_64-linux-gnu/libxcb-render.so.0.0.0
7fcf827de000-7fcf827df000 r--p 0000c000 08:06 5251054                    /usr/lib/x86_64-linux-gnu/libxcb-render.so.0.0.0
7fcf827df000-7fcf827e0000 rw-p 0000d000 08:06 5251054                    /usr/lib/x86_64-linux-gnu/libxcb-render.so.0.0.0
7fcf827e0000-7fcf827e2000 r-xp 00000000 08:06 5251056                    /usr/lib/x86_64-linux-gnu/libxcb-shm.so.0.0.0
7fcf827e2000-7fcf829e2000 ---p 00002000 08:06 5251056                    /usr/lib/x86_64-linux-gnu/libxcb-shm.so.0.0.0
7fcf829e2000-7fcf829e3000 r--p 00002000 08:06 5251056                    /usr/lib/x86_64-linux-gnu/libxcb-shm.so.0.0.0
7fcf829e3000-7fcf829e4000 rw-p 00003000 08:06 5251056                    /usr/lib/x86_64-linux-gnu/libxcb-shm.so.0.0.0
7fcf829e4000-7fcf82a82000 r-xp 00000000 08:06 5251051                    /usr/lib/x86_64-linux-gnu/libpixman-1.so.0.34.0
7fcf82a82000-7fcf82c82000 ---p 0009e000 08:06 5251051                    /usr/lib/x86_64-linux-gnu/libpixman-1.so.0.34.0
7fcf82c82000-7fcf82c8a000 r--p 0009e000 08:06 5251051                    /usr/lib/x86_64-linux-gnu/libpixman-1.so.0.34.0
7fcf82c8a000-7fcf82c8b000 rw-p 000a6000 08:06 5251051                    /usr/lib/x86_64-linux-gnu/libpixman-1.so.0.34.0
7fcf82c8b000-7fcf82c93000 r-xp 00000000 08:06 5251082                    /usr/lib/x86_64-linux-gnu/libthai.so.0.3.0
7fcf82c93000-7fcf82e93000 ---p 00008000 08:06 5251082                    /usr/lib/x86_64-linux-gnu/libthai.so.0.3.0
7fcf82e93000-7fcf82e94000 r--p 00008000 08:06 5251082                    /usr/lib/x86_64-linux-gnu/libthai.so.0.3.0
7fcf82e94000-7fcf82e95000 rw-p 00009000 08:06 5251082                    /usr/lib/x86_64-linux-gnu/libthai.so.0.3.0
7fcf82e95000-7fcf82ea9000 r-xp 00000000 08:06 5251092                    /usr/lib/x86_64-linux-gnu/libpangoft2-1.0.so.0.4000.5
7fcf82ea9000-7fcf830a9000 ---p 00014000 08:06 5251092                    /usr/lib/x86_64-linux-gnu/libpangoft2-1.0.so.0.4000.5
7fcf830a9000-7fcf830aa000 r--p 00014000 08:06 5251092                    /usr/lib/x86_64-linux-gnu/libpangoft2-1.0.so.0.4000.5
7fcf830aa000-7fcf830ab000 rw-p 00015000 08:06 5251092                    /usr/lib/x86_64-linux-gnu/libpangoft2-1.0.so.0.4000.5
7fcf830ab000-7fcf83194000 r-xp 00000000 08:06 5252807                    /usr/lib/x86_64-linux-gnu/libepoxy.so.0.0.0
7fcf83194000-7fcf83393000 ---p 000e9000 08:06 5252807                    /usr/lib/x86_64-linux-gnu/libepoxy.so.0.0.0
7fcf83393000-7fcf8339a000 r--p 000e8000 08:06 5252807                    /usr/lib/x86_64-linux-gnu/libepoxy.so.0.0.0
7fcf8339a000-7fcf833a1000 rw-p 000ef000 08:06 5252807                    /usr/lib/x86_64-linux-gnu/libepoxy.so.0.0.0
7fcf833a1000-7fcf833ae000 r-xp 00000000 08:06 5252864                    /usr/lib/x86_64-linux-gnu/libwayland-client.so.0.3.0
7fcf833ae000-7fcf835ad000 ---p 0000d000 08:06 5252864                    /usr/lib/x86_64-linux-gnu/libwayland-client.so.0.3.0
7fcf835ad000-7fcf835af000 r--p 0000c000 08:06 5252864                    /usr/lib/x86_64-linux-gnu/libwayland-client.so.0.3.0
7fcf835af000-7fcf835b0000 rw-p 0000e000 08:06 5252864                    /usr/lib/x86_64-linux-gnu/libwayland-client.so.0.3.0
7fcf835b0000-7fcf835b1000 r-xp 00000000 08:06 5252878                    /usr/lib/x86_64-linux-gnu/libwayland-egl.so.1.0.0
7fcf835b1000-7fcf837b0000 ---p 00001000 08:06 5252878                    /usr/lib/x86_64-linux-gnu/libwayland-egl.so.1.0.0
7fcf837b0000-7fcf837b1000 r--p 00000000 08:06 5252878                    /usr/lib/x86_64-linux-gnu/libwayland-egl.so.1.0.0
7fcf837b1000-7fcf837b2000 rw-p 00001000 08:06 5252878                    /usr/lib/x86_64-linux-gnu/libwayland-egl.so.1.0.0
7fcf837b2000-7fcf837b6000 r-xp 00000000 08:06 5252866                    /usr/lib/x86_64-linux-gnu/libwayland-cursor.so.0.0.0
7fcf837b6000-7fcf839b5000 ---p 00004000 08:06 5252866                    /usr/lib/x86_64-linux-gnu/libwayland-cursor.so.0.0.0
7fcf839b5000-7fcf839b6000 r--p 00003000 08:06 5252866                    /usr/lib/x86_64-linux-gnu/libwayland-cursor.so.0.0.0
7fcf839b6000-7fcf839ba000 rw-p 00004000 08:06 5252866                    /usr/lib/x86_64-linux-gnu/libwayland-cursor.so.0.0.0
7fcf839ba000-7fcf839f8000 r-xp 00000000 08:06 5252887                    /usr/lib/x86_64-linux-gnu/libxkbcommon.so.0.0.0
7fcf839f8000-7fcf83bf7000 ---p 0003e000 08:06 5252887                    /usr/lib/x86_64-linux-gnu/libxkbcommon.so.0.0.0
7fcf83bf7000-7fcf83bf9000 r--p 0003d000 08:06 5252887                    /usr/lib/x86_64-linux-gnu/libxkbcommon.so.0.0.0
7fcf83bf9000-7fcf83bfa000 rw-p 0003f000 08:06 5252887                    /usr/lib/x86_64-linux-gnu/libxkbcommon.so.0.0.0
7fcf83bfa000-7fcf83bfc000 r-xp 00000000 08:06 5251611                    /usr/lib/x86_64-linux-gnu/libXdamage.so.1.1.0
7fcf83bfc000-7fcf83dfb000 ---p 00002000 08:06 5251611                    /usr/lib/x86_64-linux-gnu/libXdamage.so.1.1.0
7fcf83dfb000-7fcf83dfc000 r--p 00001000 08:06 5251611                    /usr/lib/x86_64-linux-gnu/libXdamage.so.1.1.0
7fcf83dfc000-7fcf83dfd000 rw-p 00002000 08:06 5251611                    /usr/lib/x86_64-linux-gnu/libXdamage.so.1.1.0
7fcf83dfd000-7fcf83dff000 r-xp 00000000 08:06 5252881                    /usr/lib/x86_64-linux-gnu/libXcomposite.so.1.0.0
7fcf83dff000-7fcf83ffe000 ---p 00002000 08:06 5252881                    /usr/lib/x86_64-linux-gnu/libXcomposite.so.1.0.0
7fcf83ffe000-7fcf83fff000 r--p 00001000 08:06 5252881                    /usr/lib/x86_64-linux-gnu/libXcomposite.so.1.0.0
7fcf83fff000-7fcf84000000 rw-p 00002000 08:06 5252881                    /usr/lib/x86_64-linux-gnu/libXcomposite.so.1.0.0
7fcf84000000-7fcf84021000 rw-p 00000000 00:00 0 
7fcf84021000-7fcf88000000 ---p 00000000 00:00 0 
7fcf88000000-7fcf88021000 rw-p 00000000 00:00 0 
7fcf88021000-7fcf8c000000 ---p 00000000 00:00 0 
7fcf8c000000-7fcf8c021000 rw-p 00000000 00:00 0 
7fcf8c021000-7fcf90000000 ---p 00000000 00:00 0 
7fcf90000000-7fcf90018000 r--s 00000000 08:06 5902235                    /usr/share/texmf/fonts/type1/public/lm/lmss10.pfb
7fcf90018000-7fcf9003b000 r--s 00000000 08:06 5902262                    /usr/share/texmf/fonts/type1/public/lm/lmtko10.pfb
7fcf9003b000-7fcf90045000 r--s 00000000 08:06 6036741                    /usr/share/fonts/X11/Type1/c0582bt_.pfb
7fcf90045000-7fcf90064000 r--s 00000000 08:06 5902274                    /usr/share/texmf/fonts/type1/public/lm/lmvtk10.pfb
7fcf90064000-7fcf90081000 r--s 00000000 08:06 5902251                    /usr/share/texmf/fonts/type1/public/lm/lmssqbx8.pfb
7fcf90081000-7fcf9009f000 r--s 00000000 08:06 5902217                    /usr/share/texmf/fonts/type1/public/lm/lmr10.pfb
7fcf9009f000-7fcf900c0000 r--s 00000000 08:06 5902203                    /usr/share/texmf/fonts/type1/public/lm/lmcsco10.pfb
7fcf900c0000-7fcf900e2000 r--s 00000000 08:06 5902277                    /usr/share/texmf/fonts/type1/public/lm/lmvtlo10.pfb
7fcf900e2000-7fcf900ff000 r--s 00000000 08:06 5902249                    /usr/share/texmf/fonts/type1/public/lm/lmssq8.pfb
7fcf900ff000-7fcf9010a000 r--s 00000000 08:06 5114824                    /var/cache/fontconfig/945677eb7aeaf62f1d50efc3fb3ec7d8-le64.cache-4
7fcf9010a000-7fcf9010e000 r--s 00000000 08:06 5123350                    /var/cache/fontconfig/de156ccd2eddbdc19d37a45b8b2aac9c-le64.cache-4
7fcf9010e000-7fcf90114000 r--s 00000000 08:06 5118600                    /var/cache/fontconfig/3047814df9a2f067bd2d96a2b9c36e5a-le64.cache-4
7fcf90114000-7fcf9011c000 r--s 00000000 08:06 5123344                    /var/cache/fontconfig/bf3b770c553c462765856025a94f1ce6-le64.cache-4
7fcf9011c000-7fcf90128000 r--s 00000000 08:06 5118476                    /var/cache/fontconfig/d589a48862398ed80a3d6066f4f56f4c-le64.cache-4
7fcf90128000-7fcf9012c000 r--s 00000000 08:06 5114727                    /var/cache/fontconfig/246184dc75a16901ca37d96895904249-le64.cache-4
7fcf9012c000-7fcf90137000 r--s 00000000 08:06 5123327                    /var/cache/fontconfig/83bf95040141907cd45bb53cf7c1c148-le64.cache-4
7fcf90137000-7fcf9013b000 r--s 00000000 08:06 5123944                    /var/cache/fontconfig/6c08beecf0dac481ec92e759e0c2e6d7-le64.cache-4
7fcf9013b000-7fcf9013f000 r--s 00000000 08:06 5123943                    /var/cache/fontconfig/4d6aee6d44eccb37054d3216e945f618-le64.cache-4
7fcf9013f000-7fcf9015d000 r--s 00000000 08:06 5117145                    /var/cache/fontconfig/467c019e582ee353435ea5c21d137ef6-le64.cache-4
7fcf9015d000-7fcf90167000 r-xp 00000000 08:06 5250519                    /usr/lib/x86_64-linux-gnu/libXrandr.so.2.2.0
7fcf90167000-7fcf90366000 ---p 0000a000 08:06 5250519                    /usr/lib/x86_64-linux-gnu/libXrandr.so.2.2.0
7fcf90366000-7fcf90367000 r--p 00009000 08:06 5250519                    /usr/lib/x86_64-linux-gnu/libXrandr.so.2.2.0
7fcf90367000-7fcf90368000 rw-p 0000a000 08:06 5250519                    /usr/lib/x86_64-linux-gnu/libXrandr.so.2.2.0
7fcf90368000-7fcf9036a000 r-xp 00000000 08:06 5250511                    /usr/lib/x86_64-linux-gnu/libXinerama.so.1.0.0
7fcf9036a000-7fcf90569000 ---p 00002000 08:06 5250511                    /usr/lib/x86_64-linux-gnu/libXinerama.so.1.0.0
7fcf90569000-7fcf9056a000 r--p 00001000 08:06 5250511                    /usr/lib/x86_64-linux-gnu/libXinerama.so.1.0.0
7fcf9056a000-7fcf9056b000 rw-p 00002000 08:06 5250511                    /usr/lib/x86_64-linux-gnu/libXinerama.so.1.0.0
7fcf9056b000-7fcf905a7000 r-xp 00000000 08:06 5251049                    /usr/lib/x86_64-linux-gnu/libfontconfig.so.1.8.0
7fcf905a7000-7fcf907a6000 ---p 0003c000 08:06 5251049                    /usr/lib/x86_64-linux-gnu/libfontconfig.so.1.8.0
7fcf907a6000-7fcf907a8000 r--p 0003b000 08:06 5251049                    /usr/lib/x86_64-linux-gnu/libfontconfig.so.1.8.0
7fcf907a8000-7fcf907a9000 rw-p 0003d000 08:06 5251049                    /usr/lib/x86_64-linux-gnu/libfontconfig.so.1.8.0
7fcf907a9000-7fcf90936000 r-xp 00000000 08:06 5250867                    /usr/lib/x86_64-linux-gnu/libgio-2.0.so.0.5000.3
7fcf90936000-7fcf90b36000 ---p 0018d000 08:06 5250867                    /usr/lib/x86_64-linux-gnu/libgio-2.0.so.0.5000.3
7fcf90b36000-7fcf90b3b000 r--p 0018d000 08:06 5250867                    /usr/lib/x86_64-linux-gnu/libgio-2.0.so.0.5000.3
7fcf90b3b000-7fcf90b3e000 rw-p 00192000 08:06 5250867                    /usr/lib/x86_64-linux-gnu/libgio-2.0.so.0.5000.3
7fcf90b3e000-7fcf90b3f000 rw-p 00000000 00:00 0 
7fcf90b3f000-7fcf90bc3000 r-xp 00000000 08:06 262251                     /lib/x86_64-linux-gnu/libsystemd.so.0.17.0
7fcf90bc3000-7fcf90bc4000 ---p 00084000 08:06 262251                     /lib/x86_64-linux-gnu/libsystemd.so.0.17.0
7fcf90bc4000-7fcf90bc7000 r--p 00084000 08:06 262251                     /lib/x86_64-linux-gnu/libsystemd.so.0.17.0
7fcf90bc7000-7fcf90bc8000 rw-p 00087000 08:06 262251                     /lib/x86_64-linux-gnu/libsystemd.so.0.17.0
7fcf90bc8000-7fcf90bc9000 rw-p 00000000 00:00 0 
7fcf90bc9000-7fcf90bcc000 r-xp 00000000 08:06 5250868                    /usr/lib/x86_64-linux-gnu/libgmodule-2.0.so.0.5000.3
7fcf90bcc000-7fcf90dcb000 ---p 00003000 08:06 5250868                    /usr/lib/x86_64-linux-gnu/libgmodule-2.0.so.0.5000.3
7fcf90dcb000-7fcf90dcc000 r--p 00002000 08:06 5250868                    /usr/lib/x86_64-linux-gnu/libgmodule-2.0.so.0.5000.3
7fcf90dcc000-7fcf90dcd000 rw-p 00003000 08:06 5250868                    /usr/lib/x86_64-linux-gnu/libgmodule-2.0.so.0.5000.3
7fcf90dcd000-7fcf90edf000 r-xp 00000000 08:06 262818                     /lib/x86_64-linux-gnu/libglib-2.0.so.0.5000.3
7fcf90edf000-7fcf910de000 ---p 00112000 08:06 262818                     /lib/x86_64-linux-gnu/libglib-2.0.so.0.5000.3
7fcf910de000-7fcf910df000 r--p 00111000 08:06 262818                     /lib/x86_64-linux-gnu/libglib-2.0.so.0.5000.3
7fcf910df000-7fcf910e0000 rw-p 00112000 08:06 262818                     /lib/x86_64-linux-gnu/libglib-2.0.so.0.5000.3
7fcf910e0000-7fcf910e1000 rw-p 00000000 00:00 0 
7fcf910e1000-7fcf91133000 r-xp 00000000 08:06 5250869                    /usr/lib/x86_64-linux-gnu/libgobject-2.0.so.0.5000.3
7fcf91133000-7fcf91332000 ---p 00052000 08:06 5250869                    /usr/lib/x86_64-linux-gnu/libgobject-2.0.so.0.5000.3
7fcf91332000-7fcf91333000 r--p 00051000 08:06 5250869                    /usr/lib/x86_64-linux-gnu/libgobject-2.0.so.0.5000.3
7fcf91333000-7fcf91334000 rw-p 00052000 08:06 5250869                    /usr/lib/x86_64-linux-gnu/libgobject-2.0.so.0.5000.3
7fcf91334000-7fcf91442000 r-xp 00000000 08:06 5251058                    /usr/lib/x86_64-linux-gnu/libcairo.so.2.11400.8
7fcf91442000-7fcf91642000 ---p 0010e000 08:06 5251058                    /usr/lib/x86_64-linux-gnu/libcairo.so.2.11400.8
7fcf91642000-7fcf91645000 r--p 0010e000 08:06 5251058                    /usr/lib/x86_64-linux-gnu/libcairo.so.2.11400.8
7fcf91645000-7fcf91646000 rw-p 00111000 08:06 5251058                    /usr/lib/x86_64-linux-gnu/libcairo.so.2.11400.8
7fcf91646000-7fcf91648000 rw-p 00000000 00:00 0 
7fcf91648000-7fcf9164e000 r-xp 00000000 08:06 5251867                    /usr/lib/x86_64-linux-gnu/libcairo-gobject.so.2.11400.8
7fcf9164e000-7fcf9184e000 ---p 00006000 08:06 5251867                    /usr/lib/x86_64-linux-gnu/libcairo-gobject.so.2.11400.8
7fcf9184e000-7fcf91850000 r--p 00006000 08:06 5251867                    /usr/lib/x86_64-linux-gnu/libcairo-gobject.so.2.11400.8
7fcf91850000-7fcf91851000 rw-p 00008000 08:06 5251867                    /usr/lib/x86_64-linux-gnu/libcairo-gobject.so.2.11400.8
7fcf91851000-7fcf91873000 r-xp 00000000 08:06 5251041                    /usr/lib/x86_64-linux-gnu/libgdk_pixbuf-2.0.so.0.3600.5
7fcf91873000-7fcf91a73000 ---p 00022000 08:06 5251041                    /usr/lib/x86_64-linux-gnu/libgdk_pixbuf-2.0.so.0.3600.5
7fcf91a73000-7fcf91a74000 r--p 00022000 08:06 5251041                    /usr/lib/x86_64-linux-gnu/libgdk_pixbuf-2.0.so.0.3600.5
7fcf91a74000-7fcf91a75000 rw-p 00023000 08:06 5251041                    /usr/lib/x86_64-linux-gnu/libgdk_pixbuf-2.0.so.0.3600.5
7fcf91a75000-7fcf91abe000 r-xp 00000000 08:06 5251084                    /usr/lib/x86_64-linux-gnu/libpango-1.0.so.0.4000.5
7fcf91abe000-7fcf91cbd000 ---p 00049000 08:06 5251084                    /usr/lib/x86_64-linux-gnu/libpango-1.0.so.0.4000.5
7fcf91cbd000-7fcf91cc0000 r--p 00048000 08:06 5251084                    /usr/lib/x86_64-linux-gnu/libpango-1.0.so.0.4000.5
7fcf91cc0000-7fcf91cc1000 rw-p 0004b000 08:06 5251084                    /usr/lib/x86_64-linux-gnu/libpango-1.0.so.0.4000.5
7fcf91cc1000-7fcf91ccd000 r-xp 00000000 08:06 5251094                    /usr/lib/x86_64-linux-gnu/libpangocairo-1.0.so.0.4000.5
7fcf91ccd000-7fcf91ecc000 ---p 0000c000 08:06 5251094                    /usr/lib/x86_64-linux-gnu/libpangocairo-1.0.so.0.4000.5
7fcf91ecc000-7fcf91ecd000 r--p 0000b000 08:06 5251094                    /usr/lib/x86_64-linux-gnu/libpangocairo-1.0.so.0.4000.5
7fcf91ecd000-7fcf91ece000 rw-p 0000c000 08:06 5251094                    /usr/lib/x86_64-linux-gnu/libpangocairo-1.0.so.0.4000.5
7fcf91ece000-7fcf91fbc000 r-xp 00000000 08:06 5252908                    /usr/lib/x86_64-linux-gnu/libgdk-3.so.0.2200.11
7fcf91fbc000-7fcf921bb000 ---p 000ee000 08:06 5252908                    /usr/lib/x86_64-linux-gnu/libgdk-3.so.0.2200.11
7fcf921bb000-7fcf921c1000 r--p 000ed000 08:06 5252908                    /usr/lib/x86_64-linux-gnu/libgdk-3.so.0.2200.11
7fcf921c1000-7fcf921c4000 rw-p 000f3000 08:06 5252908                    /usr/lib/x86_64-linux-gnu/libgdk-3.so.0.2200.11
7fcf921c4000-7fcf921c5000 rw-p 00000000 00:00 0 
7fcf921c5000-7fcf92275000 r-xp 00000000 08:06 5253274                    /usr/lib/x86_64-linux-gnu/libgdk-x11-2.0.so.0.2400.31
7fcf92275000-7fcf92474000 ---p 000b0000 08:06 5253274                    /usr/lib/x86_64-linux-gnu/libgdk-x11-2.0.so.0.2400.31
7fcf92474000-7fcf92478000 r--p 000af000 08:06 5253274                    /usr/lib/x86_64-linux-gnu/libgdk-x11-2.0.so.0.2400.31
7fcf92478000-7fcf9247a000 rw-p 000b3000 08:06 5253274                    /usr/lib/x86_64-linux-gnu/libgdk-x11-2.0.so.0.2400.31
7fcf9247a000-7fcf9247b000 r-xp 00000000 08:06 5250870                    /usr/lib/x86_64-linux-gnu/libgthread-2.0.so.0.5000.3
7fcf9247b000-7fcf9267a000 ---p 00001000 08:06 5250870                    /usr/lib/x86_64-linux-gnu/libgthread-2.0.so.0.5000.3
7fcf9267a000-7fcf9267b000 r--p 00000000 08:06 5250870                    /usr/lib/x86_64-linux-gnu/libgthread-2.0.so.0.5000.3
7fcf9267b000-7fcf9267c000 rw-p 00001000 08:06 5250870                    /usr/lib/x86_64-linux-gnu/libgthread-2.0.so.0.5000.3
7fcf9267c000-7fcf926c9000 r-xp 00000000 08:06 262225                     /lib/x86_64-linux-gnu/libdbus-1.so.3.14.16
7fcf926c9000-7fcf928c9000 ---p 0004d000 08:06 262225                     /lib/x86_64-linux-gnu/libdbus-1.so.3.14.16
7fcf928c9000-7fcf928cb000 r--p 0004d000 08:06 262225                     /lib/x86_64-linux-gnu/libdbus-1.so.3.14.16
7fcf928cb000-7fcf928cc000 rw-p 0004f000 08:06 262225                     /lib/x86_64-linux-gnu/libdbus-1.so.3.14.16
7fcf928cc000-7fcf928f9000 r-xp 00000000 08:06 5252799                    /usr/lib/x86_64-linux-gnu/libatspi.so.0.0.1
7fcf928f9000-7fcf92af9000 ---p 0002d000 08:06 5252799                    /usr/lib/x86_64-linux-gnu/libatspi.so.0.0.1
7fcf92af9000-7fcf92afc000 r--p 0002d000 08:06 5252799                    /usr/lib/x86_64-linux-gnu/libatspi.so.0.0.1
7fcf92afc000-7fcf92afd000 rw-p 00030000 08:06 5252799                    /usr/lib/x86_64-linux-gnu/libatspi.so.0.0.1
7fcf92afd000-7fcf92b2a000 r-xp 00000000 08:06 5252801                    /usr/lib/x86_64-linux-gnu/libatk-bridge-2.0.so.0.0.0
7fcf92b2a000-7fcf92d29000 ---p 0002d000 08:06 5252801                    /usr/lib/x86_64-linux-gnu/libatk-bridge-2.0.so.0.0.0
7fcf92d29000-7fcf92d2a000 r--p 0002c000 08:06 5252801                    /usr/lib/x86_64-linux-gnu/libatk-bridge-2.0.so.0.0.0
7fcf92d2a000-7fcf92d2c000 rw-p 0002d000 08:06 5252801                    /usr/lib/x86_64-linux-gnu/libatk-bridge-2.0.so.0.0.0
7fcf92d2c000-7fcf92d4f000 r-xp 00000000 08:06 5251865                    /usr/lib/x86_64-linux-gnu/libatk-1.0.so.0.22209.1
7fcf92d4f000-7fcf92f4e000 ---p 00023000 08:06 5251865                    /usr/lib/x86_64-linux-gnu/libatk-1.0.so.0.22209.1
7fcf92f4e000-7fcf92f51000 r--p 00022000 08:06 5251865                    /usr/lib/x86_64-linux-gnu/libatk-1.0.so.0.22209.1
7fcf92f51000-7fcf92f52000 rw-p 00025000 08:06 5251865                    /usr/lib/x86_64-linux-gnu/libatk-1.0.so.0.22209.1
7fcf92f52000-7fcf92f68000 r-xp 00000000 08:06 5379213                    /usr/lib/x86_64-linux-gnu/jni/libatk-wrapper.so.6.0.0
7fcf92f68000-7fcf93167000 ---p 00016000 08:06 5379213                    /usr/lib/x86_64-linux-gnu/jni/libatk-wrapper.so.6.0.0
7fcf93167000-7fcf93168000 r--p 00015000 08:06 5379213                    /usr/lib/x86_64-linux-gnu/jni/libatk-wrapper.so.6.0.0
7fcf93168000-7fcf93169000 rw-p 00016000 08:06 5379213                    /usr/lib/x86_64-linux-gnu/jni/libatk-wrapper.so.6.0.0
7fcf93169000-7fcf9316c000 ---p 00000000 00:00 0 
7fcf9316c000-7fcf931a2000 rw-p 00000000 00:00 0 
7fcf931a2000-7fcf931a5000 ---p 00000000 00:00 0 
7fcf931a5000-7fcf932a3000 rw-p 00000000 00:00 0 
7fcf932a3000-7fcf932a8000 r-xp 00000000 08:06 5251609                    /usr/lib/x86_64-linux-gnu/libXfixes.so.3.1.0
7fcf932a8000-7fcf934a7000 ---p 00005000 08:06 5251609                    /usr/lib/x86_64-linux-gnu/libXfixes.so.3.1.0
7fcf934a7000-7fcf934a8000 r--p 00004000 08:06 5251609                    /usr/lib/x86_64-linux-gnu/libXfixes.so.3.1.0
7fcf934a8000-7fcf934a9000 rw-p 00005000 08:06 5251609                    /usr/lib/x86_64-linux-gnu/libXfixes.so.3.1.0
7fcf934a9000-7fcf934b3000 r-xp 00000000 08:06 5252883                    /usr/lib/x86_64-linux-gnu/libXcursor.so.1.0.2
7fcf934b3000-7fcf936b2000 ---p 0000a000 08:06 5252883                    /usr/lib/x86_64-linux-gnu/libXcursor.so.1.0.2
7fcf936b2000-7fcf936b3000 r--p 00009000 08:06 5252883                    /usr/lib/x86_64-linux-gnu/libXcursor.so.1.0.2
7fcf936b3000-7fcf936b4000 rw-p 0000a000 08:06 5252883                    /usr/lib/x86_64-linux-gnu/libXcursor.so.1.0.2
7fcf936b4000-7fcf936e5000 r-xp 00000000 08:06 5247009                    /usr/lib/x86_64-linux-gnu/libpng16.so.16.28.0
7fcf936e5000-7fcf938e5000 ---p 00031000 08:06 5247009                    /usr/lib/x86_64-linux-gnu/libpng16.so.16.28.0
7fcf938e5000-7fcf938e6000 r--p 00031000 08:06 5247009                    /usr/lib/x86_64-linux-gnu/libpng16.so.16.28.0
7fcf938e6000-7fcf938e7000 rw-p 00032000 08:06 5247009                    /usr/lib/x86_64-linux-gnu/libpng16.so.16.28.0
7fcf938e7000-7fcf9398f000 r-xp 00000000 08:06 5246711                    /usr/lib/x86_64-linux-gnu/libfreetype.so.6.12.3
7fcf9398f000-7fcf93b8f000 ---p 000a8000 08:06 5246711                    /usr/lib/x86_64-linux-gnu/libfreetype.so.6.12.3
7fcf93b8f000-7fcf93b95000 r--p 000a8000 08:06 5246711                    /usr/lib/x86_64-linux-gnu/libfreetype.so.6.12.3
7fcf93b95000-7fcf93b96000 rw-p 000ae000 08:06 5246711                    /usr/lib/x86_64-linux-gnu/libfreetype.so.6.12.3
7fcf93b96000-7fcf93be7000 r-xp 00000000 08:06 5906411                    /usr/lib/jvm/java-8-openjdk-amd64/jre/lib/amd64/libfontmanager.so
7fcf93be7000-7fcf93de7000 ---p 00051000 08:06 5906411                    /usr/lib/jvm/java-8-openjdk-amd64/jre/lib/amd64/libfontmanager.so
7fcf93de7000-7fcf93de9000 r--p 00051000 08:06 5906411                    /usr/lib/jvm/java-8-openjdk-amd64/jre/lib/amd64/libfontmanager.so
7fcf93de9000-7fcf93dea000 rw-p 00053000 08:06 5906411                    /usr/lib/jvm/java-8-openjdk-amd64/jre/lib/amd64/libfontmanager.so
7fcf93dea000-7fcf93dfd000 r-xp 00000000 08:06 262672                     /lib/x86_64-linux-gnu/libbsd.so.0.8.3
7fcf93dfd000-7fcf93ffd000 ---p 00013000 08:06 262672                     /lib/x86_64-linux-gnu/libbsd.so.0.8.3
7fcf93ffd000-7fcf93ffe000 r--p 00013000 08:06 262672                     /lib/x86_64-linux-gnu/libbsd.so.0.8.3
7fcf93ffe000-7fcf93fff000 rw-p 00014000 08:06 262672                     /lib/x86_64-linux-gnu/libbsd.so.0.8.3
7fcf93fff000-7fcf94000000 rw-p 00000000 00:00 0 
7fcf94000000-7fcf94021000 rw-p 00000000 00:00 0 
7fcf94021000-7fcf98000000 ---p 00000000 00:00 0 
7fcf98000000-7fcf98021000 rw-p 00000000 00:00 0 
7fcf98021000-7fcf9c000000 ---p 00000000 00:00 0 
7fcf9c000000-7fcf9c07c000 rw-p 00000000 00:00 0 
7fcf9c07c000-7fcfa0000000 ---p 00000000 00:00 0 
7fcfa0000000-7fcfa06fb000 rw-p 00000000 00:00 0 
7fcfa06fb000-7fcfa4000000 ---p 00000000 00:00 0 
7fcfa4000000-7fcfa4021000 rw-p 00000000 00:00 0 
7fcfa4021000-7fcfa8000000 ---p 00000000 00:00 0 
7fcfa8000000-7fcfa811a000 rw-p 00000000 00:00 0 
7fcfa811a000-7fcfac000000 ---p 00000000 00:00 0 
7fcfac000000-7fcfac021000 rw-p 00000000 00:00 0 
7fcfac021000-7fcfb0000000 ---p 00000000 00:00 0 
7fcfb0000000-7fcfb0021000 rw-p 00000000 00:00 0 
7fcfb0021000-7fcfb4000000 ---p 00000000 00:00 0 
7fcfb4000000-7fcfb4021000 rw-p 00000000 00:00 0 
7fcfb4021000-7fcfb8000000 ---p 00000000 00:00 0 
7fcfb8000000-7fcfb8003000 r--s 00000000 08:06 5123328                    /var/cache/fontconfig/75114ca45c98e8a441da0ff356701271-le64.cache-4
7fcfb8003000-7fcfb8011000 r--s 00000000 08:06 5117158                    /var/cache/fontconfig/e13b20fdb08344e0e664864cc2ede53d-le64.cache-4
7fcfb8011000-7fcfb8029000 r--s 00000000 08:06 5510435                    /usr/share/fonts/type1/gsfonts/n022003l.pfb
7fcfb8029000-7fcfb802c000 ---p 00000000 00:00 0 
7fcfb802c000-7fcfb812a000 rw-p 00000000 00:00 0 
7fcfb812a000-7fcfb812f000 r-xp 00000000 08:06 5250489                    /usr/lib/x86_64-linux-gnu/libXdmcp.so.6.0.0
7fcfb812f000-7fcfb832e000 ---p 00005000 08:06 5250489                    /usr/lib/x86_64-linux-gnu/libXdmcp.so.6.0.0
7fcfb832e000-7fcfb832f000 r--p 00004000 08:06 5250489                    /usr/lib/x86_64-linux-gnu/libXdmcp.so.6.0.0
7fcfb832f000-7fcfb8330000 rw-p 00005000 08:06 5250489                    /usr/lib/x86_64-linux-gnu/libXdmcp.so.6.0.0
7fcfb8330000-7fcfb8333000 r-xp 00000000 08:06 5250485                    /usr/lib/x86_64-linux-gnu/libXau.so.6.0.0
7fcfb8333000-7fcfb8532000 ---p 00003000 08:06 5250485                    /usr/lib/x86_64-linux-gnu/libXau.so.6.0.0
7fcfb8532000-7fcfb8533000 r--p 00002000 08:06 5250485                    /usr/lib/x86_64-linux-gnu/libXau.so.6.0.0
7fcfb8533000-7fcfb8534000 rw-p 00003000 08:06 5250485                    /usr/lib/x86_64-linux-gnu/libXau.so.6.0.0
7fcfb8534000-7fcfb855b000 r-xp 00000000 08:06 5250493                    /usr/lib/x86_64-linux-gnu/libxcb.so.1.1.0
7fcfb855b000-7fcfb875a000 ---p 00027000 08:06 5250493                    /usr/lib/x86_64-linux-gnu/libxcb.so.1.1.0
7fcfb875a000-7fcfb875b000 r--p 00026000 08:06 5250493                    /usr/lib/x86_64-linux-gnu/libxcb.so.1.1.0
7fcfb875b000-7fcfb875c000 rw-p 00027000 08:06 5250493                    /usr/lib/x86_64-linux-gnu/libxcb.so.1.1.0
7fcfb875c000-7fcfb876b000 r-xp 00000000 08:06 5252885                    /usr/lib/x86_64-linux-gnu/libXi.so.6.1.0
7fcfb876b000-7fcfb896a000 ---p 0000f000 08:06 5252885                    /usr/lib/x86_64-linux-gnu/libXi.so.6.1.0
7fcfb896a000-7fcfb896b000 r--p 0000e000 08:06 5252885                    /usr/lib/x86_64-linux-gnu/libXi.so.6.1.0
7fcfb896b000-7fcfb896c000 rw-p 0000f000 08:06 5252885                    /usr/lib/x86_64-linux-gnu/libXi.so.6.1.0
7fcfb896c000-7fcfb8971000 r-xp 00000000 08:06 5253116                    /usr/lib/x86_64-linux-gnu/libXtst.so.6.1.0
7fcfb8971000-7fcfb8b70000 ---p 00005000 08:06 5253116                    /usr/lib/x86_64-linux-gnu/libXtst.so.6.1.0
7fcfb8b70000-7fcfb8b71000 r--p 00004000 08:06 5253116                    /usr/lib/x86_64-linux-gnu/libXtst.so.6.1.0
7fcfb8b71000-7fcfb8b72000 rw-p 00005000 08:06 5253116                    /usr/lib/x86_64-linux-gnu/libXtst.so.6.1.0
7fcfb8b72000-7fcfb8b7b000 r-xp 00000000 08:06 5250515                    /usr/lib/x86_64-linux-gnu/libXrender.so.1.3.0
7fcfb8b7b000-7fcfb8d7a000 ---p 00009000 08:06 5250515                    /usr/lib/x86_64-linux-gnu/libXrender.so.1.3.0
7fcfb8d7a000-7fcfb8d7b000 r--p 00008000 08:06 5250515                    /usr/lib/x86_64-linux-gnu/libXrender.so.1.3.0
7fcfb8d7b000-7fcfb8d7c000 rw-p 00009000 08:06 5250515                    /usr/lib/x86_64-linux-gnu/libXrender.so.1.3.0
7fcfb8d7c000-7fcfb8eb6000 r-xp 00000000 08:06 5269429                    /usr/lib/x86_64-linux-gnu/libX11.so.6.3.0
7fcfb8eb6000-7fcfb90b6000 ---p 0013a000 08:06 5269429                    /usr/lib/x86_64-linux-gnu/libX11.so.6.3.0
7fcfb90b6000-7fcfb90b7000 r--p 0013a000 08:06 5269429                    /usr/lib/x86_64-linux-gnu/libX11.so.6.3.0
7fcfb90b7000-7fcfb90bc000 rw-p 0013b000 08:06 5269429                    /usr/lib/x86_64-linux-gnu/libX11.so.6.3.0
7fcfb90bc000-7fcfb90cd000 r-xp 00000000 08:06 5250507                    /usr/lib/x86_64-linux-gnu/libXext.so.6.4.0
7fcfb90cd000-7fcfb92cc000 ---p 00011000 08:06 5250507                    /usr/lib/x86_64-linux-gnu/libXext.so.6.4.0
7fcfb92cc000-7fcfb92cd000 r--p 00010000 08:06 5250507                    /usr/lib/x86_64-linux-gnu/libXext.so.6.4.0
7fcfb92cd000-7fcfb92ce000 rw-p 00011000 08:06 5250507                    /usr/lib/x86_64-linux-gnu/libXext.so.6.4.0
7fcfb92ce000-7fcfb932b000 r-xp 00000000 08:06 5906407                    /usr/lib/jvm/java-8-openjdk-amd64/jre/lib/amd64/libawt_xawt.so
7fcfb932b000-7fcfb952a000 ---p 0005d000 08:06 5906407                    /usr/lib/jvm/java-8-openjdk-amd64/jre/lib/amd64/libawt_xawt.so
7fcfb952a000-7fcfb952b000 r--p 0005c000 08:06 5906407                    /usr/lib/jvm/java-8-openjdk-amd64/jre/lib/amd64/libawt_xawt.so
7fcfb952b000-7fcfb952e000 rw-p 0005d000 08:06 5906407                    /usr/lib/jvm/java-8-openjdk-amd64/jre/lib/amd64/libawt_xawt.so
7fcfb952e000-7fcfb9530000 rw-p 00000000 00:00 0 
7fcfb9530000-7fcfb95d0000 r-xp 00000000 08:06 5906403                    /usr/lib/jvm/java-8-openjdk-amd64/jre/lib/amd64/libawt.so
7fcfb95d0000-7fcfb97d0000 ---p 000a0000 08:06 5906403                    /usr/lib/jvm/java-8-openjdk-amd64/jre/lib/amd64/libawt.so
7fcfb97d0000-7fcfb97d1000 r--p 000a0000 08:06 5906403                    /usr/lib/jvm/java-8-openjdk-amd64/jre/lib/amd64/libawt.so
7fcfb97d1000-7fcfb97dc000 rw-p 000a1000 08:06 5906403                    /usr/lib/jvm/java-8-openjdk-amd64/jre/lib/amd64/libawt.so
7fcfb97dc000-7fcfb9801000 rw-p 00000000 00:00 0 
7fcfb9801000-7fcfb98fb000 rw-p 00000000 00:00 0 
7fcfb98fb000-7fcfb9a1f000 r-xp 00000000 08:06 3017621                    /home/pablo/Documentos/Ingenieria_informatica/coec/Pr_optativa/TiendaLibros/libCLIPSJNI.so
7fcfb9a1f000-7fcfb9c1e000 ---p 00124000 08:06 3017621                    /home/pablo/Documentos/Ingenieria_informatica/coec/Pr_optativa/TiendaLibros/libCLIPSJNI.so
7fcfb9c1e000-7fcfb9c20000 r--p 00123000 08:06 3017621                    /home/pablo/Documentos/Ingenieria_informatica/coec/Pr_optativa/TiendaLibros/libCLIPSJNI.so
7fcfb9c20000-7fcfb9c23000 rw-p 00125000 08:06 3017621                    /home/pablo/Documentos/Ingenieria_informatica/coec/Pr_optativa/TiendaLibros/libCLIPSJNI.so
7fcfb9c23000-7fcfb9c3b000 r-xp 00000000 08:06 5906429                    /usr/lib/jvm/java-8-openjdk-amd64/jre/lib/amd64/libnet.so
7fcfb9c3b000-7fcfb9e3a000 ---p 00018000 08:06 5906429                    /usr/lib/jvm/java-8-openjdk-amd64/jre/lib/amd64/libnet.so
7fcfb9e3a000-7fcfb9e3b000 r--p 00017000 08:06 5906429                    /usr/lib/jvm/java-8-openjdk-amd64/jre/lib/amd64/libnet.so
7fcfb9e3b000-7fcfb9e3c000 rw-p 00018000 08:06 5906429                    /usr/lib/jvm/java-8-openjdk-amd64/jre/lib/amd64/libnet.so
7fcfb9e3c000-7fcfb9e4e000 r-xp 00000000 08:06 5906430                    /usr/lib/jvm/java-8-openjdk-amd64/jre/lib/amd64/libnio.so
7fcfb9e4e000-7fcfba04d000 ---p 00012000 08:06 5906430                    /usr/lib/jvm/java-8-openjdk-amd64/jre/lib/amd64/libnio.so
7fcfba04d000-7fcfba04e000 r--p 00011000 08:06 5906430                    /usr/lib/jvm/java-8-openjdk-amd64/jre/lib/amd64/libnio.so
7fcfba04e000-7fcfba04f000 rw-p 00012000 08:06 5906430                    /usr/lib/jvm/java-8-openjdk-amd64/jre/lib/amd64/libnio.so
7fcfba04f000-7fcfba050000 ---p 00000000 00:00 0 
7fcfba050000-7fcfba150000 rw-p 00000000 00:00 0 
7fcfba150000-7fcfba153000 ---p 00000000 00:00 0 
7fcfba153000-7fcfba251000 rw-p 00000000 00:00 0 
7fcfba251000-7fcfba254000 ---p 00000000 00:00 0 
7fcfba254000-7fcfba352000 rw-p 00000000 00:00 0 
7fcfba352000-7fcfba355000 ---p 00000000 00:00 0 
7fcfba355000-7fcfba453000 rw-p 00000000 00:00 0 
7fcfba453000-7fcfba456000 ---p 00000000 00:00 0 
7fcfba456000-7fcfba554000 rw-p 00000000 00:00 0 
7fcfba554000-7fcfba557000 ---p 00000000 00:00 0 
7fcfba557000-7fcfba655000 rw-p 00000000 00:00 0 
7fcfba655000-7fcfba7f0000 r--p 00000000 08:06 5244125                    /usr/lib/locale/locale-archive
7fcfba7f0000-7fcfba7f3000 ---p 00000000 00:00 0 
7fcfba7f3000-7fcfba8f1000 rw-p 00000000 00:00 0 
7fcfba8f1000-7fcfba8f4000 ---p 00000000 00:00 0 
7fcfba8f4000-7fcfba9f2000 rw-p 00000000 00:00 0 
7fcfba9f2000-7fcfba9f3000 ---p 00000000 00:00 0 
7fcfba9f3000-7fcfbb800000 rw-p 00000000 00:00 0 
7fcfbb800000-7fcfbc000000 rw-p 00000000 00:00 0 
7fcfbc000000-7fcfbc021000 rw-p 00000000 00:00 0 
7fcfbc021000-7fcfc0000000 ---p 00000000 00:00 0 
7fcfc0000000-7fcfc0001000 r--s 00000000 08:06 5123316                    /var/cache/fontconfig/4794a0821666d79190d59a36cb4f44b5-le64.cache-4
7fcfc0001000-7fcfc0005000 r--s 00000000 08:06 5123942                    /var/cache/fontconfig/d6c6df98c3df5faf9bd0f8ef4d91efe5-le64.cache-4
7fcfc0005000-7fcfc0009000 r--s 00000000 08:06 5123941                    /var/cache/fontconfig/9fb319ef52839f11ee26ab8b4cffa12b-le64.cache-4
7fcfc0009000-7fcfc000b000 r--s 00000000 08:06 5114064                    /var/cache/fontconfig/62f91419b9ebdb6975e7e41ab6412357-le64.cache-4
7fcfc000b000-7fcfc000f000 r--s 00000000 08:06 5117152                    /var/cache/fontconfig/7ef2298fde41cc6eeb7af42e48b7d293-le64.cache-4
7fcfc000f000-7fcfc0022000 r--s 0034b000 08:06 5906477                    /usr/lib/jvm/java-8-openjdk-amd64/jre/lib/resources.jar
7fcfc0022000-7fcfc0048000 r--p 00000000 08:06 5248978                    /usr/share/locale/es/LC_MESSAGES/libc.mo
7fcfc0048000-7fcfc0079000 rw-p 00000000 00:00 0 
7fcfc0079000-7fcfc0083000 r--s 00117000 08:06 5906452                    /usr/lib/jvm/java-8-openjdk-amd64/jre/lib/ext/localedata.jar
7fcfc0083000-7fcfc009e000 r--s 001d6000 08:06 5906453                    /usr/lib/jvm/java-8-openjdk-amd64/jre/lib/ext/nashorn.jar
7fcfc009e000-7fcfc02a0000 rw-p 00000000 00:00 0 
7fcfc02a0000-7fcfc4000000 rw-p 00000000 00:00 0 
7fcfc4000000-7fcfc4021000 rw-p 00000000 00:00 0 
7fcfc4021000-7fcfc8000000 ---p 00000000 00:00 0 
7fcfc8000000-7fcfc8021000 rw-p 00000000 00:00 0 
7fcfc8021000-7fcfcc000000 ---p 00000000 00:00 0 
7fcfcc000000-7fcfcc021000 rw-p 00000000 00:00 0 
7fcfcc021000-7fcfd0000000 ---p 00000000 00:00 0 
7fcfd0000000-7fcfd0001000 r--s 00000000 08:06 5117160                    /var/cache/fontconfig/0bd3dc0958fa2205aaaa8ebb13e2872b-le64.cache-4
7fcfd0001000-7fcfd0004000 r--p 00000000 08:06 5251808                    /usr/share/locale/es/LC_MESSAGES/atk10.mo
7fcfd0004000-7fcfd001f000 r--s 00394000 08:06 5906448                    /usr/lib/jvm/java-8-openjdk-amd64/jre/lib/ext/cldrdata.jar
7fcfd001f000-7fcfd00f1000 rw-p 00000000 00:00 0 
7fcfd00f1000-7fcfd02c1000 r--s 03c94000 08:06 5906478                    /usr/lib/jvm/java-8-openjdk-amd64/jre/lib/rt.jar
7fcfd02c1000-7fcfd0697000 rw-p 00000000 00:00 0 
7fcfd0697000-7fcfd0698000 ---p 00000000 00:00 0 
7fcfd0698000-7fcfd0798000 rw-p 00000000 00:00 0 
7fcfd0798000-7fcfd0799000 ---p 00000000 00:00 0 
7fcfd0799000-7fcfd0899000 rw-p 00000000 00:00 0 
7fcfd0899000-7fcfd089a000 ---p 00000000 00:00 0 
7fcfd089a000-7fcfd099a000 rw-p 00000000 00:00 0 
7fcfd099a000-7fcfd09c4000 rw-p 00000000 00:00 0 
7fcfd09c4000-7fcfd0c29000 ---p 00000000 00:00 0 
7fcfd0c29000-7fcfd0c53000 rw-p 00000000 00:00 0 
7fcfd0c53000-7fcfd0eb7000 ---p 00000000 00:00 0 
7fcfd0eb7000-7fcfd0ecd000 rw-p 00000000 00:00 0 
7fcfd0ecd000-7fcfd0fff000 ---p 00000000 00:00 0 
7fcfd0fff000-7fcfd1000000 rw-p 00000000 00:00 0 
7fcfd1000000-7fcfd1420000 rwxp 00000000 00:00 0 
7fcfd1420000-7fcfe0000000 ---p 00000000 00:00 0 
7fcfe0000000-7fcfe0460000 rw-p 00000000 00:00 0 
7fcfe0460000-7fcfe4000000 ---p 00000000 00:00 0 
7fcfe4000000-7fcfe4001000 r--s 00000000 08:06 5118535                    /var/cache/fontconfig/3f7329c5293ffd510edef78f73874cfd-le64.cache-4
7fcfe4001000-7fcfe4002000 r--s 00000000 08:06 5117171                    /var/cache/fontconfig/e0aa53bcfa504e64f87823c16bc01eb6-le64.cache-4
7fcfe4002000-7fcfe4078000 rw-p 00000000 00:00 0 
7fcfe4078000-7fcfe4079000 ---p 00000000 00:00 0 
7fcfe4079000-7fcfe4179000 rw-p 00000000 00:00 0 
7fcfe4179000-7fcfe418a000 rw-p 00000000 00:00 0 
7fcfe418a000-7fcfe4539000 ---p 00000000 00:00 0 
7fcfe4539000-7fcfe4541000 r-xp 00000000 08:06 5906437                    /usr/lib/jvm/java-8-openjdk-amd64/jre/lib/amd64/libzip.so
7fcfe4541000-7fcfe4740000 ---p 00008000 08:06 5906437                    /usr/lib/jvm/java-8-openjdk-amd64/jre/lib/amd64/libzip.so
7fcfe4740000-7fcfe4741000 r--p 00007000 08:06 5906437                    /usr/lib/jvm/java-8-openjdk-amd64/jre/lib/amd64/libzip.so
7fcfe4741000-7fcfe4742000 rw-p 00008000 08:06 5906437                    /usr/lib/jvm/java-8-openjdk-amd64/jre/lib/amd64/libzip.so
7fcfe4742000-7fcfe474c000 r-xp 00000000 08:06 262162                     /lib/x86_64-linux-gnu/libnss_files-2.24.so
7fcfe474c000-7fcfe494c000 ---p 0000a000 08:06 262162                     /lib/x86_64-linux-gnu/libnss_files-2.24.so
7fcfe494c000-7fcfe494d000 r--p 0000a000 08:06 262162                     /lib/x86_64-linux-gnu/libnss_files-2.24.so
7fcfe494d000-7fcfe494e000 rw-p 0000b000 08:06 262162                     /lib/x86_64-linux-gnu/libnss_files-2.24.so
7fcfe494e000-7fcfe4954000 rw-p 00000000 00:00 0 
7fcfe4954000-7fcfe495f000 r-xp 00000000 08:06 262164                     /lib/x86_64-linux-gnu/libnss_nis-2.24.so
7fcfe495f000-7fcfe4b5e000 ---p 0000b000 08:06 262164                     /lib/x86_64-linux-gnu/libnss_nis-2.24.so
7fcfe4b5e000-7fcfe4b5f000 r--p 0000a000 08:06 262164                     /lib/x86_64-linux-gnu/libnss_nis-2.24.so
7fcfe4b5f000-7fcfe4b60000 rw-p 0000b000 08:06 262164                     /lib/x86_64-linux-gnu/libnss_nis-2.24.so
7fcfe4b60000-7fcfe4b74000 r-xp 00000000 08:06 262159                     /lib/x86_64-linux-gnu/libnsl-2.24.so
7fcfe4b74000-7fcfe4d74000 ---p 00014000 08:06 262159                     /lib/x86_64-linux-gnu/libnsl-2.24.so
7fcfe4d74000-7fcfe4d75000 r--p 00014000 08:06 262159                     /lib/x86_64-linux-gnu/libnsl-2.24.so
7fcfe4d75000-7fcfe4d76000 rw-p 00015000 08:06 262159                     /lib/x86_64-linux-gnu/libnsl-2.24.so
7fcfe4d76000-7fcfe4d78000 rw-p 00000000 00:00 0 
7fcfe4d78000-7fcfe4d7f000 r-xp 00000000 08:06 262160                     /lib/x86_64-linux-gnu/libnss_compat-2.24.so
7fcfe4d7f000-7fcfe4f7e000 ---p 00007000 08:06 262160                     /lib/x86_64-linux-gnu/libnss_compat-2.24.so
7fcfe4f7e000-7fcfe4f7f000 r--p 00006000 08:06 262160                     /lib/x86_64-linux-gnu/libnss_compat-2.24.so
7fcfe4f7f000-7fcfe4f80000 rw-p 00007000 08:06 262160                     /lib/x86_64-linux-gnu/libnss_compat-2.24.so
7fcfe4f80000-7fcfe4faa000 r-xp 00000000 08:06 5906418                    /usr/lib/jvm/java-8-openjdk-amd64/jre/lib/amd64/libjava.so
7fcfe4faa000-7fcfe51a9000 ---p 0002a000 08:06 5906418                    /usr/lib/jvm/java-8-openjdk-amd64/jre/lib/amd64/libjava.so
7fcfe51a9000-7fcfe51aa000 r--p 00029000 08:06 5906418                    /usr/lib/jvm/java-8-openjdk-amd64/jre/lib/amd64/libjava.so
7fcfe51aa000-7fcfe51ac000 rw-p 0002a000 08:06 5906418                    /usr/lib/jvm/java-8-openjdk-amd64/jre/lib/amd64/libjava.so
7fcfe51ac000-7fcfe51bb000 r-xp 00000000 08:06 5906436                    /usr/lib/jvm/java-8-openjdk-amd64/jre/lib/amd64/libverify.so
7fcfe51bb000-7fcfe53bb000 ---p 0000f000 08:06 5906436                    /usr/lib/jvm/java-8-openjdk-amd64/jre/lib/amd64/libverify.so
7fcfe53bb000-7fcfe53bd000 r--p 0000f000 08:06 5906436                    /usr/lib/jvm/java-8-openjdk-amd64/jre/lib/amd64/libverify.so
7fcfe53bd000-7fcfe53be000 rw-p 00011000 08:06 5906436                    /usr/lib/jvm/java-8-openjdk-amd64/jre/lib/amd64/libverify.so
7fcfe53be000-7fcfe53c5000 r-xp 00000000 08:06 262169                     /lib/x86_64-linux-gnu/librt-2.24.so
7fcfe53c5000-7fcfe55c4000 ---p 00007000 08:06 262169                     /lib/x86_64-linux-gnu/librt-2.24.so
7fcfe55c4000-7fcfe55c5000 r--p 00006000 08:06 262169                     /lib/x86_64-linux-gnu/librt-2.24.so
7fcfe55c5000-7fcfe55c6000 rw-p 00007000 08:06 262169                     /lib/x86_64-linux-gnu/librt-2.24.so
7fcfe55c6000-7fcfe55dc000 r-xp 00000000 08:06 262148                     /lib/x86_64-linux-gnu/libgcc_s.so.1
7fcfe55dc000-7fcfe57db000 ---p 00016000 08:06 262148                     /lib/x86_64-linux-gnu/libgcc_s.so.1
7fcfe57db000-7fcfe57dc000 r--p 00015000 08:06 262148                     /lib/x86_64-linux-gnu/libgcc_s.so.1
7fcfe57dc000-7fcfe57dd000 rw-p 00016000 08:06 262148                     /lib/x86_64-linux-gnu/libgcc_s.so.1
7fcfe57dd000-7fcfe58e0000 r-xp 00000000 08:06 262156                     /lib/x86_64-linux-gnu/libm-2.24.so
7fcfe58e0000-7fcfe5adf000 ---p 00103000 08:06 262156                     /lib/x86_64-linux-gnu/libm-2.24.so
7fcfe5adf000-7fcfe5ae0000 r--p 00102000 08:06 262156                     /lib/x86_64-linux-gnu/libm-2.24.so
7fcfe5ae0000-7fcfe5ae1000 rw-p 00103000 08:06 262156                     /lib/x86_64-linux-gnu/libm-2.24.so
7fcfe5ae1000-7fcfe5c53000 r-xp 00000000 08:06 5248512                    /usr/lib/x86_64-linux-gnu/libstdc++.so.6.0.22
7fcfe5c53000-7fcfe5e53000 ---p 00172000 08:06 5248512                    /usr/lib/x86_64-linux-gnu/libstdc++.so.6.0.22
7fcfe5e53000-7fcfe5e5d000 r--p 00172000 08:06 5248512                    /usr/lib/x86_64-linux-gnu/libstdc++.so.6.0.22
7fcfe5e5d000-7fcfe5e5f000 rw-p 0017c000 08:06 5248512                    /usr/lib/x86_64-linux-gnu/libstdc++.so.6.0.22
7fcfe5e5f000-7fcfe5e63000 rw-p 00000000 00:00 0 
7fcfe5e63000-7fcfe6b94000 r-xp 00000000 08:06 5906439                    /usr/lib/jvm/java-8-openjdk-amd64/jre/lib/amd64/server/libjvm.so
7fcfe6b94000-7fcfe6d93000 ---p 00d31000 08:06 5906439                    /usr/lib/jvm/java-8-openjdk-amd64/jre/lib/amd64/server/libjvm.so
7fcfe6d93000-7fcfe6e29000 r--p 00d30000 08:06 5906439                    /usr/lib/jvm/java-8-openjdk-amd64/jre/lib/amd64/server/libjvm.so
7fcfe6e29000-7fcfe6e52000 rw-p 00dc6000 08:06 5906439                    /usr/lib/jvm/java-8-openjdk-amd64/jre/lib/amd64/server/libjvm.so
7fcfe6e52000-7fcfe6e85000 rw-p 00000000 00:00 0 
7fcfe6e85000-7fcfe701a000 r-xp 00000000 08:06 262152                     /lib/x86_64-linux-gnu/libc-2.24.so
7fcfe701a000-7fcfe721a000 ---p 00195000 08:06 262152                     /lib/x86_64-linux-gnu/libc-2.24.so
7fcfe721a000-7fcfe721e000 r--p 00195000 08:06 262152                     /lib/x86_64-linux-gnu/libc-2.24.so
7fcfe721e000-7fcfe7220000 rw-p 00199000 08:06 262152                     /lib/x86_64-linux-gnu/libc-2.24.so
7fcfe7220000-7fcfe7224000 rw-p 00000000 00:00 0 
7fcfe7224000-7fcfe7227000 r-xp 00000000 08:06 262155                     /lib/x86_64-linux-gnu/libdl-2.24.so
7fcfe7227000-7fcfe7426000 ---p 00003000 08:06 262155                     /lib/x86_64-linux-gnu/libdl-2.24.so
7fcfe7426000-7fcfe7427000 r--p 00002000 08:06 262155                     /lib/x86_64-linux-gnu/libdl-2.24.so
7fcfe7427000-7fcfe7428000 rw-p 00003000 08:06 262155                     /lib/x86_64-linux-gnu/libdl-2.24.so
7fcfe7428000-7fcfe7436000 r-xp 00000000 08:06 5904669                    /usr/lib/jvm/java-8-openjdk-amd64/jre/lib/amd64/jli/libjli.so
7fcfe7436000-7fcfe7635000 ---p 0000e000 08:06 5904669                    /usr/lib/jvm/java-8-openjdk-amd64/jre/lib/amd64/jli/libjli.so
7fcfe7635000-7fcfe7636000 r--p 0000d000 08:06 5904669                    /usr/lib/jvm/java-8-openjdk-amd64/jre/lib/amd64/jli/libjli.so
7fcfe7636000-7fcfe7637000 rw-p 0000e000 08:06 5904669                    /usr/lib/jvm/java-8-openjdk-amd64/jre/lib/amd64/jli/libjli.so
7fcfe7637000-7fcfe7650000 r-xp 00000000 08:06 262234                     /lib/x86_64-linux-gnu/libz.so.1.2.8
7fcfe7650000-7fcfe784f000 ---p 00019000 08:06 262234                     /lib/x86_64-linux-gnu/libz.so.1.2.8
7fcfe784f000-7fcfe7850000 r--p 00018000 08:06 262234                     /lib/x86_64-linux-gnu/libz.so.1.2.8
7fcfe7850000-7fcfe7851000 rw-p 00019000 08:06 262234                     /lib/x86_64-linux-gnu/libz.so.1.2.8
7fcfe7851000-7fcfe7869000 r-xp 00000000 08:06 262167                     /lib/x86_64-linux-gnu/libpthread-2.24.so
7fcfe7869000-7fcfe7a68000 ---p 00018000 08:06 262167                     /lib/x86_64-linux-gnu/libpthread-2.24.so
7fcfe7a68000-7fcfe7a69000 r--p 00017000 08:06 262167                     /lib/x86_64-linux-gnu/libpthread-2.24.so
7fcfe7a69000-7fcfe7a6a000 rw-p 00018000 08:06 262167                     /lib/x86_64-linux-gnu/libpthread-2.24.so
7fcfe7a6a000-7fcfe7a6e000 rw-p 00000000 00:00 0 
7fcfe7a6e000-7fcfe7a91000 r-xp 00000000 08:06 262147                     /lib/x86_64-linux-gnu/ld-2.24.so
7fcfe7a91000-7fcfe7a98000 r--s 00000000 08:06 5245153                    /usr/lib/x86_64-linux-gnu/gconv/gconv-modules.cache
7fcfe7a98000-7fcfe7a99000 r--s 00002000 08:06 3017620                    /home/pablo/Documentos/Ingenieria_informatica/coec/Pr_optativa/TiendaLibros/CLIPSJNI.jar
7fcfe7a99000-7fcfe7a9b000 r--s 00007000 08:06 5638768                    /usr/share/java/java-atk-wrapper.jar
7fcfe7a9b000-7fcfe7a9f000 r--s 00040000 08:06 5906456                    /usr/lib/jvm/java-8-openjdk-amd64/jre/lib/ext/sunpkcs11.jar
7fcfe7a9f000-7fcfe7aa1000 r--s 00001000 08:06 5906449                    /usr/lib/jvm/java-8-openjdk-amd64/jre/lib/ext/dnsns.jar
7fcfe7aa1000-7fcfe7b45000 rw-p 00000000 00:00 0 
7fcfe7b45000-7fcfe7b6c000 rw-p 00000000 00:00 0 
7fcfe7b6c000-7fcfe7b6f000 ---p 00000000 00:00 0 
7fcfe7b6f000-7fcfe7c71000 rw-p 00000000 00:00 0 
7fcfe7c71000-7fcfe7c72000 r--s 0000d000 08:06 5906454                    /usr/lib/jvm/java-8-openjdk-amd64/jre/lib/ext/sunec.jar
7fcfe7c72000-7fcfe7c78000 r--s 0003d000 08:06 5906455                    /usr/lib/jvm/java-8-openjdk-amd64/jre/lib/ext/sunjce_provider.jar
7fcfe7c78000-7fcfe7c7b000 r--s 0000f000 08:06 5906450                    /usr/lib/jvm/java-8-openjdk-amd64/jre/lib/ext/icedtea-sound.jar
7fcfe7c7b000-7fcfe7c7d000 r--s 00010000 08:06 5906457                    /usr/lib/jvm/java-8-openjdk-amd64/jre/lib/ext/zipfs.jar
7fcfe7c7d000-7fcfe7c7e000 r--s 0000a000 08:06 5906451                    /usr/lib/jvm/java-8-openjdk-amd64/jre/lib/ext/jaccess.jar
7fcfe7c7e000-7fcfe7c84000 r--s 000d3000 08:06 5906472                    /usr/lib/jvm/java-8-openjdk-amd64/jre/lib/jfr.jar
7fcfe7c84000-7fcfe7c8c000 rw-s 00000000 08:06 3411237                    /tmp/hsperfdata_pablo/20035
7fcfe7c8c000-7fcfe7c8d000 rw-p 00000000 00:00 0 
7fcfe7c8d000-7fcfe7c8e000 r--p 00000000 00:00 0 
7fcfe7c8e000-7fcfe7c91000 rw-p 00000000 00:00 0 
7fcfe7c91000-7fcfe7c92000 r--p 00023000 08:06 262147                     /lib/x86_64-linux-gnu/ld-2.24.so
7fcfe7c92000-7fcfe7c93000 rw-p 00024000 08:06 262147                     /lib/x86_64-linux-gnu/ld-2.24.so
7fcfe7c93000-7fcfe7c94000 rw-p 00000000 00:00 0 
7ffc21fc7000-7ffc21fe8000 rw-p 00000000 00:00 0                          [stack]
7ffc21ff2000-7ffc21ff4000 r--p 00000000 00:00 0                          [vvar]
7ffc21ff4000-7ffc21ff6000 r-xp 00000000 00:00 0                          [vdso]
ffffffffff600000-ffffffffff601000 r-xp 00000000 00:00 0                  [vsyscall]

VM Arguments:
jvm_args: -Dfile.encoding=UTF-8 
java_command: tiendalibros.TiendaLibros
java_class_path (initial): /home/pablo/Documentos/Ingenieria_informatica/coec/Pr_optativa/TiendaLibros/CLIPSJNI.jar:/home/pablo/Documentos/Ingenieria_informatica/coec/Pr_optativa/TiendaLibros/build/classes
Launcher Type: SUN_STANDARD

Environment Variables:
CLASSPATH=/home/pablo/Documentos/Ingenieria_informatica/Computacion_Distribuida/Practica6_Agentes/jade/lib/jade.jar:/home/pablo/Documentos/Ingenieria_informatica/Computacion_Distribuida/Practica6_Agentes/jade/lib/commons-codec/commons-codec-1.3.jar:.
PATH=/usr/local/bin:/usr/bin:/bin:/usr/local/games:/usr/games
USERNAME=pablo
LD_LIBRARY_PATH=/usr/lib/jvm/java-8-openjdk-amd64/jre/lib/amd64:/usr/lib/jvm/java-8-openjdk-amd64/jre/lib/i386:
SHELL=/bin/bash
DISPLAY=:0

Signal Handlers:
SIGSEGV: [libjvm.so+0xb2ac20], sa_mask[0]=11111111011111111101111111111110, sa_flags=SA_RESTART|SA_SIGINFO
SIGBUS: [libjvm.so+0xb2ac20], sa_mask[0]=11111111011111111101111111111110, sa_flags=SA_RESTART|SA_SIGINFO
SIGFPE: [libjvm.so+0x95ef50], sa_mask[0]=11111111011111111101111111111110, sa_flags=SA_RESTART|SA_SIGINFO
SIGPIPE: [libjvm.so+0x95ef50], sa_mask[0]=11111111011111111101111111111110, sa_flags=SA_RESTART|SA_SIGINFO
SIGXFSZ: [libjvm.so+0x95ef50], sa_mask[0]=11111111011111111101111111111110, sa_flags=SA_RESTART|SA_SIGINFO
SIGILL: [libjvm.so+0x95ef50], sa_mask[0]=11111111011111111101111111111110, sa_flags=SA_RESTART|SA_SIGINFO
SIGUSR1: SIG_DFL, sa_mask[0]=00000000000000000000000000000000, sa_flags=none
SIGUSR2: [libjvm.so+0x95ee00], sa_mask[0]=00100000000000000000000000000000, sa_flags=SA_RESTART|SA_SIGINFO
SIGHUP: [libjvm.so+0x95f470], sa_mask[0]=11111111011111111101111111111110, sa_flags=SA_RESTART|SA_SIGINFO
SIGINT: [libCLIPSJNI.so+0xe41d0], sa_mask[0]=01000000000000000000000000000000, sa_flags=SA_RESTART
SIGTERM: [libjvm.so+0x95f470], sa_mask[0]=11111111011111111101111111111110, sa_flags=SA_RESTART|SA_SIGINFO
SIGQUIT: [libjvm.so+0x95f470], sa_mask[0]=11111111011111111101111111111110, sa_flags=SA_RESTART|SA_SIGINFO


---------------  S Y S T E M  ---------------

OS:PRETTY_NAME="Debian GNU/Linux 9 (stretch)"
NAME="Debian GNU/Linux"
VERSION_ID="9"
VERSION="9 (stretch)"
ID=debian
HOME_URL="https://www.debian.org/"
SUPPORT_URL="https://www.debian.org/support"
BUG_REPORT_URL="https://bugs.debian.org/"

uname:Linux 4.9.0-14-amd64 #1 SMP Debian 4.9.240-2 (2020-10-30) x86_64
libc:glibc 2.24 NPTL 2.24 
rlimit: STACK 8192k, CORE 0k, NPROC 31106, NOFILE 1048576, AS infinity
load average:1,98 1,38 1,03

/proc/meminfo:
MemTotal:        8044344 kB
MemFree:          173424 kB
MemAvailable:     605508 kB
Buffers:           49348 kB
Cached:           786296 kB
SwapCached:        11872 kB
Active:          6557180 kB
Inactive:         934260 kB
Active(anon):    6052036 kB
Inactive(anon):   846304 kB
Active(file):     505144 kB
Inactive(file):    87956 kB
Unevictable:          80 kB
Mlocked:              80 kB
SwapTotal:       7812092 kB
SwapFree:        7479324 kB
Dirty:               716 kB
Writeback:             0 kB
AnonPages:       6644140 kB
Mapped:           366496 kB
Shmem:            242468 kB
Slab:             189352 kB
SReclaimable:     126828 kB
SUnreclaim:        62524 kB
KernelStack:       16896 kB
PageTables:        63744 kB
NFS_Unstable:          0 kB
Bounce:                0 kB
WritebackTmp:          0 kB
CommitLimit:    11834264 kB
Committed_AS:   10331792 kB
VmallocTotal:   34359738367 kB
VmallocUsed:           0 kB
VmallocChunk:          0 kB
HardwareCorrupted:     0 kB
AnonHugePages:         0 kB
ShmemHugePages:        0 kB
ShmemPmdMapped:        0 kB
HugePages_Total:       0
HugePages_Free:        0
HugePages_Rsvd:        0
HugePages_Surp:        0
Hugepagesize:       2048 kB
DirectMap4k:      252532 kB
DirectMap2M:     8001536 kB
DirectMap1G:           0 kB

container (cgroup) information:
container_type: cgroupv1
cpu_cpuset_cpus: 0-3
cpu_memory_nodes: 0
active_processor_count: 4
cpu_quota: -1
cpu_period: 100000
cpu_shares: -1
memory_limit_in_bytes: -1
memory_and_swap_limit_in_bytes: -2
memory_soft_limit_in_bytes: -1
memory_usage_in_bytes: 7671009280
memory_max_usage_in_bytes: 0


CPU:total 4 (initial active 4) (2 cores per cpu, 2 threads per core) family 6 model 142 stepping 9, cmov, cx8, fxsr, mmx, sse, sse2, sse3, ssse3, sse4.1, sse4.2, popcnt, avx, avx2, aes, clmul, erms, 3dnowpref, lzcnt, ht, tsc, tscinvbit, bmi1, bmi2, adx

/proc/cpuinfo:
processor	: 0
vendor_id	: GenuineIntel
cpu family	: 6
model		: 142
model name	: Intel(R) Core(TM) i5-7200U CPU @ 2.50GHz
stepping	: 9
microcode	: 0x38
cpu MHz		: 704.003
cache size	: 3072 KB
physical id	: 0
siblings	: 4
core id		: 0
cpu cores	: 2
apicid		: 0
initial apicid	: 0
fpu		: yes
fpu_exception	: yes
cpuid level	: 22
wp		: yes
flags		: fpu vme de pse tsc msr pae mce cx8 apic sep mtrr pge mca cmov pat pse36 clflush dts acpi mmx fxsr sse sse2 ss ht tm pbe syscall nx pdpe1gb rdtscp lm constant_tsc art arch_perfmon pebs bts rep_good nopl xtopology nonstop_tsc aperfmperf pni pclmulqdq dtes64 monitor ds_cpl vmx est tm2 ssse3 sdbg fma cx16 xtpr pdcm pcid sse4_1 sse4_2 x2apic movbe popcnt tsc_deadline_timer aes xsave avx f16c rdrand lahf_lm abm 3dnowprefetch epb invpcid_single kaiser tpr_shadow vnmi flexpriority ept vpid fsgsbase tsc_adjust bmi1 avx2 smep bmi2 erms invpcid mpx rdseed adx smap clflushopt intel_pt xsaveopt xsavec xgetbv1 xsaves dtherm ida arat pln pts hwp hwp_notify hwp_act_window hwp_epp
bugs		: cpu_meltdown spectre_v1 spectre_v2 spec_store_bypass l1tf mds swapgs itlb_multihit srbds
bogomips	: 5424.00
clflush size	: 64
cache_alignment	: 64
address sizes	: 39 bits physical, 48 bits virtual
power management:

processor	: 1
vendor_id	: GenuineIntel
cpu family	: 6
model		: 142
model name	: Intel(R) Core(TM) i5-7200U CPU @ 2.50GHz
stepping	: 9
microcode	: 0x38
cpu MHz		: 1108.245
cache size	: 3072 KB
physical id	: 0
siblings	: 4
core id		: 1
cpu cores	: 2
apicid		: 2
initial apicid	: 2
fpu		: yes
fpu_exception	: yes
cpuid level	: 22
wp		: yes
flags		: fpu vme de pse tsc msr pae mce cx8 apic sep mtrr pge mca cmov pat pse36 clflush dts acpi mmx fxsr sse sse2 ss ht tm pbe syscall nx pdpe1gb rdtscp lm constant_tsc art arch_perfmon pebs bts rep_good nopl xtopology nonstop_tsc aperfmperf pni pclmulqdq dtes64 monitor ds_cpl vmx est tm2 ssse3 sdbg fma cx16 xtpr pdcm pcid sse4_1 sse4_2 x2apic movbe popcnt tsc_deadline_timer aes xsave avx f16c rdrand lahf_lm abm 3dnowprefetch epb invpcid_single kaiser tpr_shadow vnmi flexpriority ept vpid fsgsbase tsc_adjust bmi1 avx2 smep bmi2 erms invpcid mpx rdseed adx smap clflushopt intel_pt xsaveopt xsavec xgetbv1 xsaves dtherm ida arat pln pts hwp hwp_notify hwp_act_window hwp_epp
bugs		: cpu_meltdown spectre_v1 spectre_v2 spec_store_bypass l1tf mds swapgs itlb_multihit srbds
bogomips	: 5424.00
clflush size	: 64
cache_alignment	: 64
address sizes	: 39 bits physical, 48 bits virtual
power management:

processor	: 2
vendor_id	: GenuineIntel
cpu family	: 6
model		: 142
model name	: Intel(R) Core(TM) i5-7200U CPU @ 2.50GHz
stepping	: 9
microcode	: 0x38
cpu MHz		: 1449.206
cache size	: 3072 KB
physical id	: 0
siblings	: 4
core id		: 0
cpu cores	: 2
apicid		: 1
initial apicid	: 1
fpu		: yes
fpu_exception	: yes
cpuid level	: 22
wp		: yes
flags		: fpu vme de pse tsc msr pae mce cx8 apic sep mtrr pge mca cmov pat pse36 clflush dts acpi mmx fxsr sse sse2 ss ht tm pbe syscall nx pdpe1gb rdtscp lm constant_tsc art arch_perfmon pebs bts rep_good nopl xtopology nonstop_tsc aperfmperf pni pclmulqdq dtes64 monitor ds_cpl vmx est tm2 ssse3 sdbg fma cx16 xtpr pdcm pcid sse4_1 sse4_2 x2apic movbe popcnt tsc_deadline_timer aes xsave avx f16c rdrand lahf_lm abm 3dnowprefetch epb invpcid_single kaiser tpr_shadow vnmi flexpriority ept vpid fsgsbase tsc_adjust bmi1 avx2 smep bmi2 erms invpcid mpx rdseed adx smap clflushopt intel_pt xsaveopt xsavec xgetbv1 xsaves dtherm ida arat pln pts hwp hwp_notify hwp_act_window hwp_epp
bugs		: cpu_meltdown spectre_v1 spectre_v2 spec_store_bypass l1tf mds swapgs itlb_multihit srbds
bogomips	: 5424.00
clflush size	: 64
cache_alignment	: 64
address sizes	: 39 bits physical, 48 bits virtual
power management:

processor	: 3
vendor_id	: GenuineIntel
cpu family	: 6
model		: 142
model name	: Intel(R) Core(TM) i5-7200U CPU @ 2.50GHz
stepping	: 9
microcode	: 0x38
cpu MHz		: 1469.970
cache size	: 3072 KB
physical id	: 0
siblings	: 4
core id		: 1
cpu cores	: 2
apicid		: 3
initial apicid	: 3
fpu		: yes
fpu_exception	: yes
cpuid level	: 22
wp		: yes
flags		: fpu vme de pse tsc msr pae mce cx8 apic sep mtrr pge mca cmov pat pse36 clflush dts acpi mmx fxsr sse sse2 ss ht tm pbe syscall nx pdpe1gb rdtscp lm constant_tsc art arch_perfmon pebs bts rep_good nopl xtopology nonstop_tsc aperfmperf pni pclmulqdq dtes64 monitor ds_cpl vmx est tm2 ssse3 sdbg fma cx16 xtpr pdcm pcid sse4_1 sse4_2 x2apic movbe popcnt tsc_deadline_timer aes xsave avx f16c rdrand lahf_lm abm 3dnowprefetch epb invpcid_single kaiser tpr_shadow vnmi flexpriority ept vpid fsgsbase tsc_adjust bmi1 avx2 smep bmi2 erms invpcid mpx rdseed adx smap clflushopt intel_pt xsaveopt xsavec xgetbv1 xsaves dtherm ida arat pln pts hwp hwp_notify hwp_act_window hwp_epp
bugs		: cpu_meltdown spectre_v1 spectre_v2 spec_store_bypass l1tf mds swapgs itlb_multihit srbds
bogomips	: 5424.00
clflush size	: 64
cache_alignment	: 64
address sizes	: 39 bits physical, 48 bits virtual
power management:



Memory: 4k page, physical 8044344k(173424k free), swap 7812092k(7479324k free)

vm_info: OpenJDK 64-Bit Server VM (25.272-b10) for linux-amd64 JRE (1.8.0_272-8u272-b10-0+deb9u1-b10), built on Oct 21 2020 21:52:22 by "buildd" with gcc 6.3.0 20170516

time: Mon Dec 14 23:12:29 2020
timezone: CET
elapsed time: 6.461489 seconds (0d 0h 0m 6s)

